{"ts": "2026-04-03T00:00:00Z", "event": "discovery_reference", "feature": "fix-skill-sub-file-path-bug-across-all-skills", "epic_research": "research/requirements-audit/research.md", "epic_spec": null}
{"ts": "2026-04-03T00:01:00Z", "event": "clarify_critic", "feature": "fix-skill-sub-file-path-bug-across-all-skills", "findings": ["The fix premise assumes a resolution mechanism the source never establishes — repo-relative paths would still be outside the CWD of another repo.", "The scope boundary sub-file path references is not grounded in any definition in the source; other path types (lifecycle artifacts, backlog paths) are not explicitly excluded.", "The sub-files are never loaded directly by other repos claim is load-bearing and unsupported by the source.", "Mixed conventions already exist: refine/SKILL.md already uses skills/lifecycle/references/clarify.md (repo-relative) while lifecycle/SKILL.md uses references/plan.md (relative)."], "dispositions": {"apply": 1, "dismiss": 3, "ask": 0}, "applied_fixes": ["Added open research question: map which skills already use repo-relative paths vs relative references to establish current state before audit."], "status": "ok"}
{"ts": "2026-04-03T00:02:00Z", "event": "lifecycle_start", "feature": "fix-skill-sub-file-path-bug-across-all-skills", "tier": "complex", "criticality": "high"}
{"ts": "2026-04-03T00:02:00Z", "event": "phase_transition", "feature": "fix-skill-sub-file-path-bug-across-all-skills", "from": "clarify", "to": "research"}
{"ts": "2026-04-03T00:03:00Z", "event": "phase_transition", "feature": "fix-skill-sub-file-path-bug-across-all-skills", "from": "research", "to": "specify"}
{"ts": "2026-04-03T00:04:00Z", "event": "phase_transition", "feature": "fix-skill-sub-file-path-bug-across-all-skills", "from": "specify", "to": "plan"}
{"ts": "2026-04-03T00:05:00Z", "event": "orchestrator_review", "feature": "fix-skill-sub-file-path-bug-across-all-skills", "phase": "plan", "verdict": "pass", "cycle": 1, "issues": []}
{"ts": "2026-04-03T00:06:00Z", "event": "phase_transition", "feature": "fix-skill-sub-file-path-bug-across-all-skills", "from": "plan", "to": "implement"}
{"ts": "2026-04-03T09:24:00Z", "event": "batch_dispatch", "feature": "fix-skill-sub-file-path-bug-across-all-skills", "batch": 0, "tasks": [1, 2, 3, 4, 5, 6, 7, 8, 9]}
{"ts": "2026-04-03T09:35:00Z", "event": "task_complete", "feature": "fix-skill-sub-file-path-bug-across-all-skills", "task": 1, "batch": 0, "status": "success"}
{"ts": "2026-04-03T09:35:00Z", "event": "task_complete", "feature": "fix-skill-sub-file-path-bug-across-all-skills", "task": 2, "batch": 0, "status": "success"}
{"ts": "2026-04-03T09:35:00Z", "event": "task_complete", "feature": "fix-skill-sub-file-path-bug-across-all-skills", "task": 3, "batch": 0, "status": "success"}
{"ts": "2026-04-03T09:35:00Z", "event": "task_complete", "feature": "fix-skill-sub-file-path-bug-across-all-skills", "task": 4, "batch": 0, "status": "success"}
{"ts": "2026-04-03T09:35:00Z", "event": "task_complete", "feature": "fix-skill-sub-file-path-bug-across-all-skills", "task": 5, "batch": 0, "status": "success"}
{"ts": "2026-04-03T09:35:00Z", "event": "task_complete", "feature": "fix-skill-sub-file-path-bug-across-all-skills", "task": 6, "batch": 0, "status": "success"}
{"ts": "2026-04-03T09:35:00Z", "event": "task_complete", "feature": "fix-skill-sub-file-path-bug-across-all-skills", "task": 7, "batch": 0, "status": "success"}
{"ts": "2026-04-03T09:35:00Z", "event": "task_complete", "feature": "fix-skill-sub-file-path-bug-across-all-skills", "task": 8, "batch": 0, "status": "success"}
{"ts": "2026-04-03T09:35:00Z", "event": "task_complete", "feature": "fix-skill-sub-file-path-bug-across-all-skills", "task": 9, "batch": 0, "status": "success"}
{"ts": "2026-04-03T09:40:00Z", "event": "task_complete", "feature": "fix-skill-sub-file-path-bug-across-all-skills", "task": 10, "batch": 1, "status": "success"}
{"ts": "2026-04-03T09:40:00Z", "event": "phase_transition", "feature": "fix-skill-sub-file-path-bug-across-all-skills", "tier": "complex", "from": "implement", "to": "review"}
{"ts": "2026-04-03T10:00:00Z", "event": "review_verdict", "feature": "fix-skill-sub-file-path-bug-across-all-skills", "verdict": "CHANGES_REQUESTED", "cycle": 1}
{"ts": "2026-04-03T10:00:00Z", "event": "phase_transition", "feature": "fix-skill-sub-file-path-bug-across-all-skills", "from": "review", "to": "implement"}
{"ts": "2026-04-03T10:10:00Z", "event": "task_complete", "feature": "fix-skill-sub-file-path-bug-across-all-skills", "task": 5, "batch": "rework-1", "status": "success"}
{"ts": "2026-04-03T10:10:00Z", "event": "phase_transition", "feature": "fix-skill-sub-file-path-bug-across-all-skills", "from": "implement", "to": "review"}
{"ts": "2026-04-03T10:20:00Z", "event": "review_verdict", "feature": "fix-skill-sub-file-path-bug-across-all-skills", "verdict": "APPROVED", "cycle": 2}
{"ts": "2026-04-03T10:20:00Z", "event": "phase_transition", "feature": "fix-skill-sub-file-path-bug-across-all-skills", "from": "review", "to": "complete"}
{"ts": "2026-04-03T10:25:00Z", "event": "feature_complete", "feature": "fix-skill-sub-file-path-bug-across-all-skills", "tasks_total": 10, "rework_cycles": 1}
