{"schema_version": 1, "ts": "2026-06-17T20:17:28Z", "event": "lifecycle_start", "feature": "overnight-task-failures-produce-empty-captured", "tier": "simple", "criticality": "medium", "entry_point": "refine"}
{"schema_version": 3, "ts": "2026-06-17T20:22:37Z", "event": "clarify_critic", "feature": "overnight-task-failures-produce-empty-captured", "parent_epic_loaded": false, "findings_count": 6, "dispositions": {"apply": 3, "dismiss": 3, "ask": 0}, "applied_fixes_count": 3, "dismissals_count": 3, "status": "ok"}
{"ts": "2026-06-17T20:36:23Z", "event": "complexity_override", "feature": "overnight-task-failures-produce-empty-captured", "from": "simple", "to": "complex", "gate": "clarify_reconcile"}
{"ts": "2026-06-17T20:36:23Z", "event": "criticality_override", "feature": "overnight-task-failures-produce-empty-captured", "from": "medium", "to": "high", "gate": "clarify_reconcile"}
{"ts": "2026-06-17T22:02:48Z", "event": "spec_approved", "feature": "overnight-task-failures-produce-empty-captured"}
{"ts": "2026-06-17T22:38:58Z", "event": "plan_approved", "feature": "overnight-task-failures-produce-empty-captured"}
{"ts": "2026-06-17T22:38:58Z", "event": "phase_transition", "feature": "overnight-task-failures-produce-empty-captured", "from": "plan", "to": "implement"}
{"ts": "2026-06-17T22:51:11Z", "event": "batch_dispatch", "feature": "overnight-task-failures-produce-empty-captured", "batch": 0, "tasks": [1]}
{"ts": "2026-06-17T22:55:52Z", "event": "batch_dispatch", "feature": "overnight-task-failures-produce-empty-captured", "batch": 1, "tasks": [3, 2]}
{"ts": "2026-06-17T22:58:43Z", "event": "batch_dispatch", "feature": "overnight-task-failures-produce-empty-captured", "batch": 2, "tasks": [4]}
{"ts": "2026-06-17T23:02:10Z", "event": "batch_dispatch", "feature": "overnight-task-failures-produce-empty-captured", "batch": 3, "tasks": [5]}
{"ts": "2026-06-17T23:05:40Z", "event": "batch_dispatch", "feature": "overnight-task-failures-produce-empty-captured", "batch": 4, "tasks": [6]}
{"ts": "2026-06-17T23:09:08Z", "event": "batch_dispatch", "feature": "overnight-task-failures-produce-empty-captured", "batch": 5, "tasks": [7]}
{"ts": "2026-06-17T23:13:55Z", "event": "batch_dispatch", "feature": "overnight-task-failures-produce-empty-captured", "batch": 6, "tasks": [8]}
{"ts": "2026-06-17T23:18:54Z", "event": "batch_dispatch", "feature": "overnight-task-failures-produce-empty-captured", "batch": 7, "tasks": [9, 10]}
{"ts": "2026-06-17T23:21:30Z", "event": "batch_dispatch", "feature": "overnight-task-failures-produce-empty-captured", "batch": 8, "tasks": [11]}
{"ts": "2026-06-17T23:43:03Z", "event": "phase_transition", "feature": "overnight-task-failures-produce-empty-captured", "tier": "complex", "from": "implement", "to": "review"}
{"ts": "2026-06-17T23:57:24Z", "event": "review_verdict", "feature": "overnight-task-failures-produce-empty-captured", "verdict": "APPROVED", "cycle": 1, "requirements_drift": "detected"}
{"ts": "2026-06-17T23:57:54Z", "event": "phase_transition", "feature": "overnight-task-failures-produce-empty-captured", "from": "review", "to": "complete"}
{"ts": "2026-06-18T00:06:28Z", "event": "feature_complete", "feature": "overnight-task-failures-produce-empty-captured", "tasks_total": 11, "rework_cycles": 0, "merge_anchor": "merge"}
