{"ts": "2026-04-03T00:00:00Z", "event": "discovery_reference", "feature": "investigate-and-solve-conflict-aware-round-scheduling-in-overnight-runner", "epic_research": "research/overnight-merge-conflict-prevention/research.md", "epic_spec": null}
{"ts": "2026-04-03T09:00:00Z", "event": "clarify_critic", "feature": "investigate-and-solve-conflict-aware-round-scheduling-in-overnight-runner", "findings": ["The intent clarity HIGH rating cites DR-1 and DR-2 from epic research not present in the source material — the investigative questions in the backlog body are listed as unanswered, and the claim they are resolved cannot be verified from source alone.", "The filename is treated as confirming the areas-field approach is settled, but the backlog body explicitly calls it 'one candidate approach' with 'a fundamental limitation' and says 'the right solution is not obvious.'", "The assessment skips the fundamental spike deliverable question — the ticket is typed spike and says 'needs deep investigation before any implementation decisions'; treating implementation scope as established misses this structural tension.", "Requirements alignment rated HIGH but the proposed approach has an acknowledged failure mode on net-new projects — the exact scenario motivating the ticket."], "dispositions": {"apply": 3, "dismiss": 0, "ask": 1}, "applied_fixes": ["Revised intent clarity from HIGH to MEDIUM — spike type and 'needs deep investigation' framing leaves deliverable unclear.", "Removed reliance on filename as scope signal — areas-field is leading candidate, not confirmed direction.", "Revised requirements alignment to partial — approach is additive and opt-in but unreliable in the motivating scenario."], "status": "ok"}
{"ts": "2026-04-03T09:01:00Z", "event": "lifecycle_start", "feature": "investigate-and-solve-conflict-aware-round-scheduling-in-overnight-runner", "tier": "complex", "criticality": "high"}
{"ts": "2026-04-03T09:01:00Z", "event": "phase_transition", "feature": "investigate-and-solve-conflict-aware-round-scheduling-in-overnight-runner", "from": "clarify", "to": "research"}
{"ts": "2026-04-03T09:30:00Z", "event": "phase_transition", "feature": "investigate-and-solve-conflict-aware-round-scheduling-in-overnight-runner", "from": "research", "to": "specify"}
{"ts": "2026-04-03T10:00:00Z", "event": "phase_transition", "feature": "investigate-and-solve-conflict-aware-round-scheduling-in-overnight-runner", "from": "specify", "to": "plan"}
{"ts": "2026-04-03T10:15:00Z", "event": "orchestrator_review", "feature": "investigate-and-solve-conflict-aware-round-scheduling-in-overnight-runner", "phase": "plan", "verdict": "flag", "cycle": 1, "issues": ["P5: Task 2 Context includes a set comprehension expression that crosses into copy-paste-ready code; Task 3 Context includes a complete f-string template for the risk message — both violate the code budget"]}
{"ts": "2026-04-03T10:15:00Z", "event": "orchestrator_dispatch_fix", "feature": "investigate-and-solve-conflict-aware-round-scheduling-in-overnight-runner", "phase": "plan", "mode": "fresh_subagent", "issue": "P5 code budget violation: Task 2 and Task 3 context fields contain pseudocode/f-string templates that an implementer could copy-paste. Replace with structural prose describing the algorithm intent and references, not executable expressions."}
{"ts": "2026-04-03T10:20:00Z", "event": "orchestrator_review", "feature": "investigate-and-solve-conflict-aware-round-scheduling-in-overnight-runner", "phase": "plan", "verdict": "pass", "cycle": 2, "issues": []}
{"ts": "2026-04-03T10:30:00Z", "event": "phase_transition", "feature": "investigate-and-solve-conflict-aware-round-scheduling-in-overnight-runner", "from": "plan", "to": "implement"}
{"ts": "2026-04-03T14:34:25Z", "event": "batch_dispatch", "feature": "investigate-and-solve-conflict-aware-round-scheduling-in-overnight-runner", "batch": 0, "tasks": [1, 5, 6]}
{"ts": "2026-04-03T14:37:15Z", "event": "task_complete", "feature": "investigate-and-solve-conflict-aware-round-scheduling-in-overnight-runner", "task": 1, "batch": 0, "status": "success"}
{"ts": "2026-04-03T14:37:15Z", "event": "task_complete", "feature": "investigate-and-solve-conflict-aware-round-scheduling-in-overnight-runner", "task": 5, "batch": 0, "status": "success"}
{"ts": "2026-04-03T14:37:15Z", "event": "task_complete", "feature": "investigate-and-solve-conflict-aware-round-scheduling-in-overnight-runner", "task": 6, "batch": 0, "status": "success"}
{"ts": "2026-04-03T14:37:39Z", "event": "batch_dispatch", "feature": "investigate-and-solve-conflict-aware-round-scheduling-in-overnight-runner", "batch": 1, "tasks": [2, 3]}
{"ts": "2026-04-03T14:40:18Z", "event": "task_complete", "feature": "investigate-and-solve-conflict-aware-round-scheduling-in-overnight-runner", "task": 2, "batch": 1, "status": "success"}
{"ts": "2026-04-03T14:40:18Z", "event": "task_complete", "feature": "investigate-and-solve-conflict-aware-round-scheduling-in-overnight-runner", "task": 3, "batch": 1, "status": "success"}
{"ts": "2026-04-03T14:40:38Z", "event": "batch_dispatch", "feature": "investigate-and-solve-conflict-aware-round-scheduling-in-overnight-runner", "batch": 2, "tasks": [4]}
{"ts": "2026-04-03T14:42:47Z", "event": "task_complete", "feature": "investigate-and-solve-conflict-aware-round-scheduling-in-overnight-runner", "task": 4, "batch": 2, "status": "success"}
{"ts": "2026-04-03T14:42:58Z", "event": "phase_transition", "feature": "investigate-and-solve-conflict-aware-round-scheduling-in-overnight-runner", "tier": "complex", "from": "implement", "to": "review"}
{"ts": "2026-04-03T14:45:52Z", "event": "review_verdict", "feature": "investigate-and-solve-conflict-aware-round-scheduling-in-overnight-runner", "verdict": "APPROVED", "cycle": 1}
{"ts": "2026-04-03T14:45:52Z", "event": "phase_transition", "feature": "investigate-and-solve-conflict-aware-round-scheduling-in-overnight-runner", "from": "review", "to": "complete"}
{"ts": "2026-04-03T14:46:13Z", "event": "feature_complete", "feature": "investigate-and-solve-conflict-aware-round-scheduling-in-overnight-runner", "tasks_total": 6, "rework_cycles": 1}
