{"ts": "2026-04-08T16:30:00Z", "event": "clarify_critic", "feature": "wire-review-phase-into-overnight-runner", "findings": ["Non-APPROVED verdict paths (CHANGES_REQUESTED, REJECTED) undefined for overnight context", "Tier/criticality data may not exist in events.log", "Pipeline requirements don't describe review phase", "Surface all failures quote misapplied", "Review agent designed for interactive context, not batch runner"], "dispositions": {"apply": 3, "dismiss": 2, "ask": 0}, "applied_fixes": ["Revised intent clarity from High to Low - overnight-specific handling of non-APPROVED verdicts undefined", "Revised requirements alignment reasoning - aligned with project philosophy not pipeline-specific requirements", "Revised alignment citation from surface all failures to morning is strategic review and works as specced"], "status": "ok"}
{"ts": "2026-04-08T16:31:00Z", "event": "lifecycle_start", "feature": "wire-review-phase-into-overnight-runner", "tier": "complex", "criticality": "high"}
{"ts": "2026-04-08T16:31:01Z", "event": "phase_transition", "feature": "wire-review-phase-into-overnight-runner", "from": "clarify", "to": "research"}
{"ts": "2026-04-08T16:45:00Z", "event": "orchestrator_review", "feature": "wire-review-phase-into-overnight-runner", "phase": "research", "verdict": "pass", "cycle": 1, "issues": []}
{"ts": "2026-04-08T16:45:01Z", "event": "phase_transition", "feature": "wire-review-phase-into-overnight-runner", "from": "research", "to": "specify"}
{"ts": "2026-04-08T17:00:00Z", "event": "orchestrator_review", "feature": "wire-review-phase-into-overnight-runner", "phase": "specify", "verdict": "pass", "cycle": 1, "issues": []}
{"ts": "2026-04-08T17:30:00Z", "event": "orchestrator_review", "feature": "wire-review-phase-into-overnight-runner", "phase": "specify", "verdict": "pass", "cycle": 2, "issues": []}
{"ts": "2026-04-08T17:35:00Z", "event": "phase_transition", "feature": "wire-review-phase-into-overnight-runner", "from": "specify", "to": "plan"}
{"ts": "2026-04-08T17:50:00Z", "event": "orchestrator_review", "feature": "wire-review-phase-into-overnight-runner", "phase": "plan", "verdict": "pass", "cycle": 1, "issues": []}
{"ts": "2026-04-08T18:10:00Z", "event": "phase_transition", "feature": "wire-review-phase-into-overnight-runner", "from": "plan", "to": "implement"}
{"ts": "2026-04-08T18:15:00Z", "event": "batch_dispatch", "feature": "wire-review-phase-into-overnight-runner", "batch": 0, "tasks": [1, 2, 3]}
{"ts": "2026-04-08T18:35:00Z", "event": "task_complete", "feature": "wire-review-phase-into-overnight-runner", "task": 1, "batch": 0, "status": "success"}
{"ts": "2026-04-08T18:35:01Z", "event": "task_complete", "feature": "wire-review-phase-into-overnight-runner", "task": 2, "batch": 0, "status": "success"}
{"ts": "2026-04-08T18:35:02Z", "event": "task_complete", "feature": "wire-review-phase-into-overnight-runner", "task": 3, "batch": 0, "status": "success"}
{"ts": "2026-04-08T18:36:00Z", "event": "batch_dispatch", "feature": "wire-review-phase-into-overnight-runner", "batch": 1, "tasks": [4, 7, 8]}
{"ts": "2026-04-08T18:55:00Z", "event": "task_complete", "feature": "wire-review-phase-into-overnight-runner", "task": 4, "batch": 1, "status": "success"}
{"ts": "2026-04-08T18:55:01Z", "event": "task_complete", "feature": "wire-review-phase-into-overnight-runner", "task": 7, "batch": 1, "status": "success"}
{"ts": "2026-04-08T18:55:02Z", "event": "task_complete", "feature": "wire-review-phase-into-overnight-runner", "task": 8, "batch": 1, "status": "success"}
{"ts": "2026-04-08T18:56:00Z", "event": "batch_dispatch", "feature": "wire-review-phase-into-overnight-runner", "batch": 2, "tasks": [5]}
{"ts": "2026-04-08T19:05:00Z", "event": "task_complete", "feature": "wire-review-phase-into-overnight-runner", "task": 5, "batch": 2, "status": "success"}
{"ts": "2026-04-08T19:06:00Z", "event": "batch_dispatch", "feature": "wire-review-phase-into-overnight-runner", "batch": 3, "tasks": [6]}
{"ts": "2026-04-08T19:20:00Z", "event": "task_complete", "feature": "wire-review-phase-into-overnight-runner", "task": 6, "batch": 3, "status": "success"}
{"ts": "2026-04-08T19:30:00Z", "event": "phase_transition", "feature": "wire-review-phase-into-overnight-runner", "tier": "complex", "from": "implement", "to": "review"}
{"ts": "2026-04-08T19:45:00Z", "event": "review_verdict", "feature": "wire-review-phase-into-overnight-runner", "verdict": "APPROVED", "cycle": 1, "requirements_drift": "detected"}
{"ts": "2026-04-08T19:45:01Z", "event": "phase_transition", "feature": "wire-review-phase-into-overnight-runner", "from": "review", "to": "complete"}
{"ts": "2026-04-08T19:50:00Z", "event": "feature_complete", "feature": "wire-review-phase-into-overnight-runner", "tasks_total": 8, "rework_cycles": 1}
