{"ts":"2026-04-29T00:00:00Z","event":"discovery_reference","feature":"install-pre-commit-hook-rejecting-main-commits-during-overnight-sessions","epic_research":"research/orchestrator-worktree-escape/research.md","epic_spec":null}
- ts: 2026-04-29T00:01:00Z
  event: clarify_critic
  feature: install-pre-commit-hook-rejecting-main-commits-during-overnight-sessions
  findings:
    - "Intent clarity High cites DR-3 convergence with the backlog body, but the critic's source contract limits source material to the body alone — the convergence claim reaches outside that source. Within the body alone, 'rejects commits that target `main`' is not operationally defined; pre-commit fires before any ref is named, requiring an interpretive leap the body does not make."
    - "Intent clarity High glosses over ambiguity in the carve-out 'does not interfere with interactive commits when LIFECYCLE_SESSION_ID is unset.' The body does not specify behavior when the env var is set on a non-`main` feature branch nor when it leaks into a user's interactive shell, but treats the env-var-set/unset partition as authoritative."
    - "Scope boundedness High imports out-of-scope reasoning from the discovery research ('Options A/B/C/D from research are addressed elsewhere or rejected'), which the source contract excludes. The body's parenthetical 'decision lives with the implementation' plus the 'survives `just setup` / repo reclone' clause leaves location AND install mechanism as implementer judgment — meaningful unbounded scope, not appropriate latitude."
    - "Scope boundedness High cites the existence of `.githooks/pre-commit` and `just setup-githooks` configuring `core.hooksPath=.githooks` as stabilizing facts, but neither claim appears in the body. The assessment is pulling repository state from outside the source to justify its rating."
    - "Requirements alignment High quotes three requirements files (`project.md`, `pipeline.md`, `multi-agent.md`) but the body itself does not cite or paraphrase any of them. The orchestrator is asserting alignment by reading those files independently and reporting its own paraphrase, with no in-body anchor for any of the three claims."
    - "The multi-agent.md citation in the alignment note observes that the document does not claim git-layer enforcement of worktree isolation and frames the hook as creating new alignment — that is closer to 'consistent with' or 'desirable extension' than 'required by,' a weaker claim than High alignment supports."
    - "Preliminary criticality 'critical' is anchored on the hook being 'the security boundary for `--dangerously-skip-permissions` overnight,' framing the body does not make. The body's narrower framing is that the hook catches the session-1708 escape vector and future Bash-based escapes — calling a 20-line shell hook 'the security boundary' for a runtime flag overstates the body's claim."
    - "Preliminary complexity 'complex' is justified by 'affects every commit' and 'requires a judgment call about whether to extend the existing hook or add a new file.' The body describes a ~20-line shell with one env-var check and an explicit non-interference AC; 'every commit' is technically true of any pre-commit hook but the actual code path is trivial. The judgment call cited overlaps with the latitude the assessment used to justify a High Scope rating — it cannot simultaneously be 'appropriate latitude' for scope and 'complex judgment' for complexity."
  dispositions:
    apply: 4
    dismiss: 4
    ask: 0
  applied_fixes:
    - "Revised Scope boundedness reasoning to ground in the AC list itself (hook installed, rejection predicate, non-interference, idempotent install, worktree-firing verification) rather than in research dismissals or repo-state context. Rating remains High because deliverables are enumerated; the location/mechanism latitude is normal in-scope implementation choice."
    - "Removed `.githooks/pre-commit` and `just setup-githooks` references from the scope justification. Those facts inform the open questions for Research, not the rating's grounding."
    - "Dropped the multi-agent.md citation from the alignment note. Rating remains High because requirements/pipeline.md Session Orchestration AC ('Artifact commits ... land on the integration branch, not local main — they travel with the PR') is a directly-on-point requirement the hook enforces, and requirements/project.md identifies the underlying defense-in-depth concern."
    - "Replaced the 'security boundary for --dangerously-skip-permissions' criticality rationale with the body's own framing: 'worktree isolation at the Bash-tool layer is cosmetic unless enforced,' plus the documented session-1708 data-loss vector (followup items 101/102/103 lost). User-set `priority: critical` in the backlog frontmatter is the primary anchor."
  dismissals:
    - finding_index: 0
      rationale: "Dismissed: pre-commit hooks have one operationally coherent reading of 'target main' — `git symbolic-ref HEAD == refs/heads/main`. The hook fires before refs are named because that is the gate point; no interpretive leap is required, the meaning is fixed by the gate's well-known semantics."
    - finding_index: 1
      rationale: "Dismissed: the body's predicate is unambiguous — `LIFECYCLE_SESSION_ID` set + branch is `main` → reject; everything else → allow. A non-`main` feature branch with the env var set is allowed (the runner's intended path). Leaked-env-var-on-interactive-shell is a robustness/operational concern that belongs to research and spec, not a clarify-level intent gap."
    - finding_index: 4
      rationale: "Dismissed: per Clarify §2 the orchestrator loads `requirements/` files as part of the Clarify protocol. Citing them in the alignment note is in-protocol orchestrator work — the critic's input contract restricts what the critic sees, not what the orchestrator may use. The cited quotes are verifiable in the loaded requirements files."
    - finding_index: 7
      rationale: "Dismissed: per Clarify §5 complexity rules, 'Complex: ... modifies shared infrastructure / core workflow orchestration, OR ... requires judgment calls about design trade-offs.' This change modifies the existing `.githooks/pre-commit` (already load-bearing for dual-source drift enforcement), and the install-mechanism decision (extend vs separate file vs new structure) is an architectural call. Default to complex when in doubt."
  status: ok
{"ts": "2026-04-29T00:30:00Z", "event": "lifecycle_start", "feature": "install-pre-commit-hook-rejecting-main-commits-during-overnight-sessions", "tier": "complex", "criticality": "critical"}
{"ts": "2026-04-29T00:31:00Z", "event": "orchestrator_review", "feature": "install-pre-commit-hook-rejecting-main-commits-during-overnight-sessions", "phase": "specify", "verdict": "flag", "cycle": 1, "issues": ["S3: MoSCoW classification not explicit — all 8 requirements treated as implicit must-have without [Must]/[Should] labels or rationale"]}
{"ts": "2026-04-29T00:31:30Z", "event": "orchestrator_dispatch_fix", "feature": "install-pre-commit-hook-rejecting-main-commits-during-overnight-sessions", "phase": "specify", "mode": "same_context", "issue": "S3: Add explicit [Must]/[Should] labels and a classification note to the Requirements section"}
{"ts": "2026-04-29T00:32:00Z", "event": "orchestrator_review", "feature": "install-pre-commit-hook-rejecting-main-commits-during-overnight-sessions", "phase": "specify", "verdict": "pass", "cycle": 2, "issues": []}
{"ts": "2026-04-29T01:00:00Z", "event": "orchestrator_dispatch_fix", "feature": "install-pre-commit-hook-rejecting-main-commits-during-overnight-sessions", "phase": "specify", "mode": "same_context", "issue": "critical-review surfaced 8 A-class findings + B/C residue; spec rewritten to address: (i) Phase 0 vs un-silence-commit conflict resolved via Req 9 (port commit step here, runner-direct invocation lives above Phase 0), (ii) Req 4 identity check switched to lifecycle.config.md field overnight_hook_required, (iii) Req 3 test scaffolding split into two repos with explicit gitdir-sharing assertions and tightened stderr matching, (iv) Req 6 rewritten to reflect post-129 design"}
{"ts": "2026-04-29T01:01:00Z", "event": "orchestrator_review", "feature": "install-pre-commit-hook-rejecting-main-commits-during-overnight-sessions", "phase": "specify", "verdict": "pass", "cycle": 2, "issues": []}
{"ts": "2026-05-04T15:47:51Z", "event": "phase_transition", "feature": "install-pre-commit-hook-rejecting-main-commits-during-overnight-sessions", "from": "specify", "to": "plan"}
{"ts": "2026-05-04T16:00:45Z", "event": "plan_comparison", "feature": "install-pre-commit-hook-rejecting-main-commits-during-overnight-sessions", "variants": [{"label": "Plan A", "approach": "bottom-up data-first; events constant first then 3 parallel chains converging", "task_count": 16, "risk": "bash test scaffold complexity, signature-change call-site coverage"}, {"label": "Plan B", "approach": "events-registry-first; four orthogonal tracks; two-helper hook-guard split", "task_count": 14, "risk": "bash test scaffold complexity, two-helper split adds task overhead"}, {"label": "Plan C", "approach": "runner-first/test-driven; fail-closed gate before hook; bash test extended with residue cases", "task_count": 13, "risk": "Task 6 bash test 6 cases at 25min, fail-closed mid-implementation window"}], "selected": "Plan C", "modification": "Task 6 split into 6a/6b for bounded complexity; final task count 14"}
{"ts": "2026-05-04T16:02:57Z", "event": "orchestrator_review", "feature": "install-pre-commit-hook-rejecting-main-commits-during-overnight-sessions", "phase": "plan", "verdict": "flag", "cycle": 1, "issues": ["P6: Task 9 Files list omits cortex_command/overnight/events.py — task modifies it per Context and verifies via grep on events.py for FOLLOWUP_COMMIT_FAILED constant addition"]}
{"ts": "2026-05-04T16:02:57Z", "event": "orchestrator_dispatch_fix", "feature": "install-pre-commit-hook-rejecting-main-commits-during-overnight-sessions", "phase": "plan", "mode": "same_context", "issue": "P6: Add cortex_command/overnight/events.py to Task 9 Files list"}
{"ts": "2026-05-04T16:03:08Z", "event": "orchestrator_review", "feature": "install-pre-commit-hook-rejecting-main-commits-during-overnight-sessions", "phase": "plan", "verdict": "pass", "cycle": 2, "issues": []}
{"ts": "2026-05-04T16:36:39Z", "event": "phase_transition", "feature": "install-pre-commit-hook-rejecting-main-commits-during-overnight-sessions", "from": "plan", "to": "implement"}
{"ts": "2026-05-04T16:43:05Z", "event": "batch_dispatch", "feature": "install-pre-commit-hook-rejecting-main-commits-during-overnight-sessions", "batch": 0, "tasks": [5]}
{"ts": "2026-05-04T16:46:09Z", "event": "task_complete", "feature": "install-pre-commit-hook-rejecting-main-commits-during-overnight-sessions", "task": 5, "batch": 0, "status": "success"}
{"ts": "2026-05-04T16:46:16Z", "event": "batch_dispatch", "feature": "install-pre-commit-hook-rejecting-main-commits-during-overnight-sessions", "batch": 1, "tasks": [9]}
{"ts": "2026-05-04T16:50:34Z", "event": "task_complete", "feature": "install-pre-commit-hook-rejecting-main-commits-during-overnight-sessions", "task": 9, "batch": 1, "status": "success"}
{"ts": "2026-05-04T16:50:34Z", "event": "batch_dispatch", "feature": "install-pre-commit-hook-rejecting-main-commits-during-overnight-sessions", "batch": 2, "tasks": [11]}
{"ts": "2026-05-04T16:53:43Z", "event": "task_complete", "feature": "install-pre-commit-hook-rejecting-main-commits-during-overnight-sessions", "task": 11, "batch": 2, "status": "success"}
{"ts": "2026-05-04T16:53:43Z", "event": "batch_dispatch", "feature": "install-pre-commit-hook-rejecting-main-commits-during-overnight-sessions", "batch": 3, "tasks": [13, 14]}
{"ts": "2026-05-04T16:55:32Z", "event": "task_complete", "feature": "install-pre-commit-hook-rejecting-main-commits-during-overnight-sessions", "task": 13, "batch": 3, "status": "success"}
{"ts": "2026-05-04T16:58:10Z", "event": "task_complete", "feature": "install-pre-commit-hook-rejecting-main-commits-during-overnight-sessions", "task": 14, "batch": 3, "status": "success"}
{"ts": "2026-05-04T16:58:28Z", "event": "batch_dispatch", "feature": "install-pre-commit-hook-rejecting-main-commits-during-overnight-sessions", "batch": 4, "tasks": [1]}
{"ts": "2026-05-04T17:00:40Z", "event": "task_complete", "feature": "install-pre-commit-hook-rejecting-main-commits-during-overnight-sessions", "task": 1, "batch": 4, "status": "success"}
{"ts": "2026-05-04T17:00:40Z", "event": "batch_dispatch", "feature": "install-pre-commit-hook-rejecting-main-commits-during-overnight-sessions", "batch": 5, "tasks": [6]}
{"ts": "2026-05-04T17:08:08Z", "event": "task_complete", "feature": "install-pre-commit-hook-rejecting-main-commits-during-overnight-sessions", "task": 6, "batch": 5, "status": "success"}
{"ts": "2026-05-04T17:08:08Z", "event": "batch_dispatch", "feature": "install-pre-commit-hook-rejecting-main-commits-during-overnight-sessions", "batch": 6, "tasks": [10]}
{"ts": "2026-05-04T17:11:20Z", "event": "task_complete", "feature": "install-pre-commit-hook-rejecting-main-commits-during-overnight-sessions", "task": 10, "batch": 6, "status": "success"}
{"ts": "2026-05-04T17:11:20Z", "event": "batch_dispatch", "feature": "install-pre-commit-hook-rejecting-main-commits-during-overnight-sessions", "batch": 7, "tasks": [12]}
{"ts": "2026-05-04T17:14:16Z", "event": "task_complete", "feature": "install-pre-commit-hook-rejecting-main-commits-during-overnight-sessions", "task": 12, "batch": 7, "status": "success"}
{"ts": "2026-05-04T17:14:16Z", "event": "batch_dispatch", "feature": "install-pre-commit-hook-rejecting-main-commits-during-overnight-sessions", "batch": 8, "tasks": [2]}
{"ts": "2026-05-04T17:17:05Z", "event": "task_complete", "feature": "install-pre-commit-hook-rejecting-main-commits-during-overnight-sessions", "task": 2, "batch": 8, "status": "success"}
{"ts": "2026-05-04T17:17:05Z", "event": "batch_dispatch", "feature": "install-pre-commit-hook-rejecting-main-commits-during-overnight-sessions", "batch": 9, "tasks": [7]}
{"ts": "2026-05-04T17:19:25Z", "event": "task_complete", "feature": "install-pre-commit-hook-rejecting-main-commits-during-overnight-sessions", "task": 7, "batch": 9, "status": "success"}
{"ts": "2026-05-04T17:19:25Z", "event": "batch_dispatch", "feature": "install-pre-commit-hook-rejecting-main-commits-during-overnight-sessions", "batch": 10, "tasks": [8]}
{"ts": "2026-05-04T17:21:44Z", "event": "task_complete", "feature": "install-pre-commit-hook-rejecting-main-commits-during-overnight-sessions", "task": 8, "batch": 10, "status": "success"}
{"ts": "2026-05-04T17:21:44Z", "event": "batch_dispatch", "feature": "install-pre-commit-hook-rejecting-main-commits-during-overnight-sessions", "batch": 11, "tasks": [3]}
{"ts": "2026-05-04T17:33:39Z", "event": "task_complete", "feature": "install-pre-commit-hook-rejecting-main-commits-during-overnight-sessions", "task": 3, "batch": 11, "status": "success"}
{"ts": "2026-05-04T17:33:39Z", "event": "batch_dispatch", "feature": "install-pre-commit-hook-rejecting-main-commits-during-overnight-sessions", "batch": 12, "tasks": [4]}
{"ts": "2026-05-04T17:36:45Z", "event": "task_complete", "feature": "install-pre-commit-hook-rejecting-main-commits-during-overnight-sessions", "task": 4, "batch": 12, "status": "success"}
{"ts": "2026-05-04T17:36:45Z", "event": "batch_dispatch", "feature": "install-pre-commit-hook-rejecting-main-commits-during-overnight-sessions", "batch": 13, "tasks": [15]}
{"ts": "2026-05-04T17:39:10Z", "event": "task_complete", "feature": "install-pre-commit-hook-rejecting-main-commits-during-overnight-sessions", "task": 15, "batch": 13, "status": "success"}
{"ts": "2026-05-04T17:39:21Z", "event": "phase_transition", "feature": "install-pre-commit-hook-rejecting-main-commits-during-overnight-sessions", "tier": "complex", "from": "implement", "to": "review"}
{"ts": "2026-05-04T17:53:28Z", "event": "review_verdict", "feature": "install-pre-commit-hook-rejecting-main-commits-during-overnight-sessions", "verdict": "APPROVED", "cycle": 1, "requirements_drift": "detected"}
{"ts": "2026-05-04T17:53:54Z", "event": "requirements_updated", "feature": "install-pre-commit-hook-rejecting-main-commits-during-overnight-sessions", "file": "requirements/pipeline.md", "section": "Session Orchestration", "content": "added bullet documenting overnight_hook_required runner-startup verification (fail-closed, no env override)"}
{"ts": "2026-05-04T17:53:54Z", "event": "phase_transition", "feature": "install-pre-commit-hook-rejecting-main-commits-during-overnight-sessions", "from": "review", "to": "complete"}
{"ts": "2026-05-04T17:55:29Z", "event": "feature_complete", "feature": "install-pre-commit-hook-rejecting-main-commits-during-overnight-sessions", "tasks_total": 15, "rework_cycles": 0}
{"ts": "2026-05-04T20:09:44Z", "event": "feature_reverted", "feature": "install-pre-commit-hook-rejecting-main-commits-during-overnight-sessions", "rationale": "git-hook approach abandoned in favor of OS-level sandbox enforcement; per-repo install + hook-clobber + ref-manipulation gaps made the shipped mechanism a poor fit for downstream user distribution. Followup-commit logging (Task 9) and morning-report commit port (Task 11) kept as orthogonal improvements."}
