{"ts": "2026-04-03T00:00:00Z", "event": "discovery_reference", "feature": "gather-area-requirements-docs-for-four-missing-areas", "epic_research": "research/requirements-audit/research.md", "epic_spec": null}
{"ts": "2026-04-03T09:00:00Z", "event": "clarify_critic", "feature": "gather-area-requirements-docs-for-four-missing-areas", "findings": ["The intent statement 'run /requirements {area} for each area' treats an interactive interview-and-approval loop as a simple scripted task; whether an agent can run all four autonomously without human input at the approval step is not addressed by the backlog item.", "The sub-scope item 'Update project.md area index' is called already complete, but the Conditional Loading trigger lines point to files that don't yet exist — calling this done conflates adding stub trigger lines with actual linked sub-docs.", "The research document's open question about requirements/pipeline.md — whether to create fresh or derive from docs/pipeline.md — is explicitly flagged as a user decision and was not resolved in ticket 011 or by the backlog item body.", "Area descriptions in the backlog item are lifted verbatim from the audit's codebase analysis (implementation-oriented), seeding the requirements interview with 'how it works' context rather than 'what it must do' context."], "dispositions": {"apply": 0, "dismiss": 2, "ask": 2}, "applied_fixes": [], "status": "ok"}
{"ts": "2026-04-03T09:05:00Z", "event": "lifecycle_start", "feature": "gather-area-requirements-docs-for-four-missing-areas", "tier": "complex", "criticality": "medium"}
{"ts": "2026-04-03T09:05:00Z", "event": "phase_transition", "feature": "gather-area-requirements-docs-for-four-missing-areas", "from": "clarify", "to": "research"}
{"ts": "2026-04-03T09:20:00Z", "event": "phase_transition", "feature": "gather-area-requirements-docs-for-four-missing-areas", "from": "research", "to": "specify"}
{"ts": "2026-04-03T09:35:00Z", "event": "phase_transition", "feature": "gather-area-requirements-docs-for-four-missing-areas", "from": "specify", "to": "plan"}
{"ts": "2026-04-03T09:45:00Z", "event": "orchestrator_review", "feature": "gather-area-requirements-docs-for-four-missing-areas", "phase": "plan", "verdict": "pass", "cycle": 1, "issues": []}
{"ts": "2026-04-03T10:00:00Z", "event": "phase_transition", "feature": "gather-area-requirements-docs-for-four-missing-areas", "from": "plan", "to": "implement"}
{"ts": "2026-04-03T10:05:00Z", "event": "batch_dispatch", "feature": "gather-area-requirements-docs-for-four-missing-areas", "batch": 0, "tasks": [1]}
{"ts": "2026-04-03T10:20:00Z", "event": "task_complete", "feature": "gather-area-requirements-docs-for-four-missing-areas", "task": 1, "batch": 0, "status": "success"}
{"ts": "2026-04-03T10:20:00Z", "event": "batch_dispatch", "feature": "gather-area-requirements-docs-for-four-missing-areas", "batch": 1, "tasks": [2]}
{"ts": "2026-04-03T10:30:00Z", "event": "task_complete", "feature": "gather-area-requirements-docs-for-four-missing-areas", "task": 2, "batch": 1, "status": "success"}
{"ts": "2026-04-03T10:30:00Z", "event": "batch_dispatch", "feature": "gather-area-requirements-docs-for-four-missing-areas", "batch": 2, "tasks": [3, 4, 5, 6]}
{"ts": "2026-04-03T10:45:00Z", "event": "task_complete", "feature": "gather-area-requirements-docs-for-four-missing-areas", "task": 3, "batch": 2, "status": "success"}
{"ts": "2026-04-03T10:45:00Z", "event": "task_complete", "feature": "gather-area-requirements-docs-for-four-missing-areas", "task": 4, "batch": 2, "status": "success"}
{"ts": "2026-04-03T10:45:00Z", "event": "task_complete", "feature": "gather-area-requirements-docs-for-four-missing-areas", "task": 5, "batch": 2, "status": "success"}
{"ts": "2026-04-03T10:45:00Z", "event": "task_complete", "feature": "gather-area-requirements-docs-for-four-missing-areas", "task": 6, "batch": 2, "status": "success"}
{"ts": "2026-04-03T10:45:00Z", "event": "batch_dispatch", "feature": "gather-area-requirements-docs-for-four-missing-areas", "batch": 3, "tasks": [7]}
{"ts": "2026-04-03T10:50:00Z", "event": "task_complete", "feature": "gather-area-requirements-docs-for-four-missing-areas", "task": 7, "batch": 3, "status": "success"}
{"ts": "2026-04-03T10:50:00Z", "event": "batch_dispatch", "feature": "gather-area-requirements-docs-for-four-missing-areas", "batch": 4, "tasks": [8]}
{"ts": "2026-04-03T10:55:00Z", "event": "task_complete", "feature": "gather-area-requirements-docs-for-four-missing-areas", "task": 8, "batch": 4, "status": "success"}
{"ts": "2026-04-03T10:55:00Z", "event": "phase_transition", "feature": "gather-area-requirements-docs-for-four-missing-areas", "tier": "complex", "from": "implement", "to": "review"}
{"ts": "2026-04-03T11:00:00Z", "event": "review_verdict", "feature": "gather-area-requirements-docs-for-four-missing-areas", "verdict": "APPROVED", "cycle": 1, "requirements_drift": "none"}
{"ts": "2026-04-03T11:00:00Z", "event": "phase_transition", "feature": "gather-area-requirements-docs-for-four-missing-areas", "from": "review", "to": "complete"}
{"ts": "2026-04-03T11:05:00Z", "event": "feature_complete", "feature": "gather-area-requirements-docs-for-four-missing-areas", "tasks_total": 8, "rework_cycles": 0}
