{"ts": "2026-04-03T00:00:00Z", "event": "discovery_reference", "feature": "wire-requirements-drift-check-into-lifecycle-review", "epic_research": "research/requirements-audit/research.md", "epic_spec": null}
{"ts": "2026-04-03T00:01:00Z", "event": "clarify_critic", "feature": "wire-requirements-drift-check-into-lifecycle-review", "findings": ["The review phase must load relevant requirements docs, but if absent or incomplete, no fallback behavior is stated — the binary output is treated as evidence of clarity when the precondition is unaddressed.", "The out-of-scope boundary claiming no changes to other lifecycle phases is the agent's projection, not stated in the source material.", "The Handoff Readiness principle cited as requirements alignment support applies to spec completeness before overnight, not post-implementation review artifacts — a category mismatch.", "project.md is known to be incomplete; comparing against it could produce false requirements_drift: none results — actively misrepresenting drift as absent.", "The field conflates three meaningfully different states: no drift, drift detected with requirements already updated, and drift detected with update still pending — flattened into a binary by the assessment."], "dispositions": {"apply": 0, "dismiss": 4, "ask": 1}, "applied_fixes": [], "status": "ok"}
{"ts": "2026-04-03T00:02:00Z", "event": "lifecycle_start", "feature": "wire-requirements-drift-check-into-lifecycle-review", "tier": "complex", "criticality": "high"}
{"ts": "2026-04-03T00:02:00Z", "event": "phase_transition", "feature": "wire-requirements-drift-check-into-lifecycle-review", "from": "clarify", "to": "research"}
{"ts": "2026-04-03T00:10:00Z", "event": "phase_transition", "feature": "wire-requirements-drift-check-into-lifecycle-review", "from": "research", "to": "specify"}
{"ts": "2026-04-03T00:20:00Z", "event": "phase_transition", "feature": "wire-requirements-drift-check-into-lifecycle-review", "from": "specify", "to": "plan"}
{"ts": "2026-04-03T00:30:00Z", "event": "orchestrator_review", "feature": "wire-requirements-drift-check-into-lifecycle-review", "phase": "plan", "verdict": "flag", "cycle": 1, "issues": ["P5: Tasks 5 and 6 contain full Python code blocks (function logic, regex patterns, conditionals) that an implementer could copy-paste rather than write. Context should provide structural guidance (function signature, pattern reference, pseudocode) not implementation."]}
{"ts": "2026-04-03T00:30:00Z", "event": "orchestrator_dispatch_fix", "feature": "wire-requirements-drift-check-into-lifecycle-review", "phase": "plan", "mode": "fresh_subagent", "issue": "P5: Tasks 5 and 6 contain full Python code blocks that violate the code budget. Replace with structural context: function signature, pattern reference, pseudocode steps."}
{"ts": "2026-04-03T00:32:00Z", "event": "orchestrator_review", "feature": "wire-requirements-drift-check-into-lifecycle-review", "phase": "plan", "verdict": "pass", "cycle": 2, "issues": []}
{"ts": "2026-04-03T00:40:00Z", "event": "phase_transition", "feature": "wire-requirements-drift-check-into-lifecycle-review", "from": "plan", "to": "implement"}
{"ts": "2026-04-03T00:50:00Z", "event": "batch_dispatch", "feature": "wire-requirements-drift-check-into-lifecycle-review", "batch": 0, "tasks": [1, 5]}
{"ts": "2026-04-03T01:00:00Z", "event": "task_complete", "feature": "wire-requirements-drift-check-into-lifecycle-review", "task": 1, "batch": 0, "status": "success"}
{"ts": "2026-04-03T01:00:00Z", "event": "task_complete", "feature": "wire-requirements-drift-check-into-lifecycle-review", "task": 5, "batch": 0, "status": "success"}
{"ts": "2026-04-03T01:10:00Z", "event": "batch_dispatch", "feature": "wire-requirements-drift-check-into-lifecycle-review", "batch": 1, "tasks": [2, 6, 7]}
{"ts": "2026-04-03T01:20:00Z", "event": "task_complete", "feature": "wire-requirements-drift-check-into-lifecycle-review", "task": 2, "batch": 1, "status": "success"}
{"ts": "2026-04-03T01:20:00Z", "event": "task_complete", "feature": "wire-requirements-drift-check-into-lifecycle-review", "task": 6, "batch": 1, "status": "success"}
{"ts": "2026-04-03T01:20:00Z", "event": "task_complete", "feature": "wire-requirements-drift-check-into-lifecycle-review", "task": 7, "batch": 1, "status": "success"}
{"ts": "2026-04-03T01:30:00Z", "event": "batch_dispatch", "feature": "wire-requirements-drift-check-into-lifecycle-review", "batch": 2, "tasks": [3]}
{"ts": "2026-04-03T01:35:00Z", "event": "task_complete", "feature": "wire-requirements-drift-check-into-lifecycle-review", "task": 3, "batch": 2, "status": "success"}
{"ts": "2026-04-03T01:40:00Z", "event": "batch_dispatch", "feature": "wire-requirements-drift-check-into-lifecycle-review", "batch": 3, "tasks": [4]}
{"ts": "2026-04-03T01:45:00Z", "event": "task_complete", "feature": "wire-requirements-drift-check-into-lifecycle-review", "task": 4, "batch": 3, "status": "success"}
{"ts": "2026-04-03T01:50:00Z", "event": "phase_transition", "feature": "wire-requirements-drift-check-into-lifecycle-review", "tier": "complex", "from": "implement", "to": "review"}
{"ts": "2026-04-03T17:00:00Z", "event": "review_verdict", "feature": "wire-requirements-drift-check-into-lifecycle-review", "verdict": "APPROVED", "cycle": 1, "requirements_drift": "detected"}
{"ts": "2026-04-03T17:00:01Z", "event": "phase_transition", "feature": "wire-requirements-drift-check-into-lifecycle-review", "from": "review", "to": "complete"}
{"ts": "2026-04-03T17:01:00Z", "event": "feature_complete", "feature": "wire-requirements-drift-check-into-lifecycle-review", "tasks_total": 7, "rework_cycles": 1}
