{"ts": "2026-04-06T17:01:00Z", "event": "clarify_critic", "feature": "replace-concurrency-cap-with-conflict-aware-round-scheduling", "findings": ["Intent clarity rated High but source says 'investigate whether' — exploratory framing contradicts chore type. Prior item 017 already implemented area-separation.", "Scope rated High but source conflates two distinct mechanisms: concurrency semaphore in batch_runner.py vs round assignment in backlog.py group_into_batches().", "Requirements alignment asserted without specific evidence from requirements files.", "Complexity/criticality don't account for prior 017 implementation."], "dispositions": {"apply": 1, "dismiss": 2, "ask": 1}, "applied_fixes": ["Revised scope boundedness from High to Low — source conflates two distinct concurrency mechanisms (verified from code)."], "status": "ok"}
{"ts": "2026-04-06T17:04:00Z", "event": "lifecycle_start", "feature": "replace-concurrency-cap-with-conflict-aware-round-scheduling", "tier": "complex", "criticality": "high"}
{"ts": "2026-04-06T17:04:01Z", "event": "phase_transition", "feature": "replace-concurrency-cap-with-conflict-aware-round-scheduling", "from": "clarify", "to": "research"}
{"ts": "2026-04-07T00:01:00Z", "event": "phase_transition", "feature": "replace-concurrency-cap-with-conflict-aware-round-scheduling", "from": "research", "to": "specify"}
{"ts": "2026-04-07T00:10:00Z", "event": "orchestrator_review", "feature": "replace-concurrency-cap-with-conflict-aware-round-scheduling", "phase": "specify", "verdict": "flag", "cycle": 1, "issues": ["S3: No explicit MoSCoW classification — R1-9 are must-have (atomic cleanup) and R10 is should-have (investigation) but priority is not stated in the spec"]}
{"ts": "2026-04-07T00:10:01Z", "event": "orchestrator_dispatch_fix", "feature": "replace-concurrency-cap-with-conflict-aware-round-scheduling", "phase": "specify", "mode": "fresh_subagent", "issue": "S3: No explicit MoSCoW classification — R1-9 must-have, R10 should-have"}
{"ts": "2026-04-07T00:12:00Z", "event": "orchestrator_review", "feature": "replace-concurrency-cap-with-conflict-aware-round-scheduling", "phase": "specify", "verdict": "pass", "cycle": 2, "issues": []}
{"ts": "2026-04-07T00:20:00Z", "event": "phase_transition", "feature": "replace-concurrency-cap-with-conflict-aware-round-scheduling", "from": "specify", "to": "plan"}
{"ts": "2026-04-07T00:30:00Z", "event": "orchestrator_review", "feature": "replace-concurrency-cap-with-conflict-aware-round-scheduling", "phase": "plan", "verdict": "pass", "cycle": 1, "issues": []}
{"ts": "2026-04-07T00:40:00Z", "event": "phase_transition", "feature": "replace-concurrency-cap-with-conflict-aware-round-scheduling", "from": "plan", "to": "implement"}
{"ts": "2026-04-07T10:15:00Z", "event": "batch_dispatch", "feature": "replace-concurrency-cap-with-conflict-aware-round-scheduling", "batch": 0, "tasks": [1, 2, 3, 7, 10, 11, 12, 13]}
{"ts": "2026-04-07T10:25:00Z", "event": "task_complete", "feature": "replace-concurrency-cap-with-conflict-aware-round-scheduling", "task": 1, "batch": 0, "status": "success"}
{"ts": "2026-04-07T10:25:00Z", "event": "task_complete", "feature": "replace-concurrency-cap-with-conflict-aware-round-scheduling", "task": 2, "batch": 0, "status": "success"}
{"ts": "2026-04-07T10:25:00Z", "event": "task_complete", "feature": "replace-concurrency-cap-with-conflict-aware-round-scheduling", "task": 3, "batch": 0, "status": "success"}
{"ts": "2026-04-07T10:25:00Z", "event": "task_complete", "feature": "replace-concurrency-cap-with-conflict-aware-round-scheduling", "task": 7, "batch": 0, "status": "success"}
{"ts": "2026-04-07T10:25:00Z", "event": "task_complete", "feature": "replace-concurrency-cap-with-conflict-aware-round-scheduling", "task": 10, "batch": 0, "status": "success"}
{"ts": "2026-04-07T10:25:00Z", "event": "task_complete", "feature": "replace-concurrency-cap-with-conflict-aware-round-scheduling", "task": 11, "batch": 0, "status": "success"}
{"ts": "2026-04-07T10:25:00Z", "event": "task_complete", "feature": "replace-concurrency-cap-with-conflict-aware-round-scheduling", "task": 12, "batch": 0, "status": "success"}
{"ts": "2026-04-07T10:25:00Z", "event": "task_complete", "feature": "replace-concurrency-cap-with-conflict-aware-round-scheduling", "task": 13, "batch": 0, "status": "success"}
{"ts": "2026-04-07T10:26:00Z", "event": "batch_dispatch", "feature": "replace-concurrency-cap-with-conflict-aware-round-scheduling", "batch": 1, "tasks": [4, 5, 6, 8, 9]}
{"ts": "2026-04-07T10:30:00Z", "event": "task_complete", "feature": "replace-concurrency-cap-with-conflict-aware-round-scheduling", "task": 4, "batch": 1, "status": "success"}
{"ts": "2026-04-07T10:30:00Z", "event": "task_complete", "feature": "replace-concurrency-cap-with-conflict-aware-round-scheduling", "task": 5, "batch": 1, "status": "success"}
{"ts": "2026-04-07T10:30:00Z", "event": "task_complete", "feature": "replace-concurrency-cap-with-conflict-aware-round-scheduling", "task": 6, "batch": 1, "status": "success"}
{"ts": "2026-04-07T10:30:00Z", "event": "task_complete", "feature": "replace-concurrency-cap-with-conflict-aware-round-scheduling", "task": 8, "batch": 1, "status": "success"}
{"ts": "2026-04-07T10:30:00Z", "event": "task_complete", "feature": "replace-concurrency-cap-with-conflict-aware-round-scheduling", "task": 9, "batch": 1, "status": "success"}
{"ts": "2026-04-07T10:31:00Z", "event": "batch_dispatch", "feature": "replace-concurrency-cap-with-conflict-aware-round-scheduling", "batch": 2, "tasks": [14]}
{"ts": "2026-04-07T10:35:00Z", "event": "task_complete", "feature": "replace-concurrency-cap-with-conflict-aware-round-scheduling", "task": 14, "batch": 2, "status": "success"}
{"ts": "2026-04-07T10:36:00Z", "event": "phase_transition", "feature": "replace-concurrency-cap-with-conflict-aware-round-scheduling", "tier": "complex", "from": "implement", "to": "review"}
{"ts": "2026-04-07T11:00:00Z", "event": "review_verdict", "feature": "replace-concurrency-cap-with-conflict-aware-round-scheduling", "verdict": "APPROVED", "cycle": 1, "requirements_drift": "none"}
{"ts": "2026-04-07T11:01:00Z", "event": "phase_transition", "feature": "replace-concurrency-cap-with-conflict-aware-round-scheduling", "from": "review", "to": "complete"}
{"ts": "2026-04-07T11:02:00Z", "event": "feature_complete", "feature": "replace-concurrency-cap-with-conflict-aware-round-scheduling", "tasks_total": 14, "rework_cycles": 1}
