{"schema_version": 1, "ts": "2026-06-23T16:01:34Z", "event": "lifecycle_start", "feature": "overnight-review-gate-reverts-a-clean", "tier": "simple", "criticality": "medium", "entry_point": "refine"}
{"schema_version": 3, "ts": "2026-06-23T16:07:10Z", "event": "clarify_critic", "feature": "overnight-review-gate-reverts-a-clean", "parent_epic_loaded": false, "findings_count": 6, "dispositions": {"apply": 2, "dismiss": 2, "ask": 2}, "applied_fixes_count": 2, "dismissals_count": 2, "status": "ok"}
{"ts": "2026-06-23T17:23:10Z", "event": "complexity_override", "feature": "overnight-review-gate-reverts-a-clean", "from": "simple", "to": "complex", "gate": "clarify_reconcile"}
{"ts": "2026-06-23T17:23:10Z", "event": "criticality_override", "feature": "overnight-review-gate-reverts-a-clean", "from": "medium", "to": "high", "gate": "clarify_reconcile"}
{"ts": "2026-06-23T17:23:49Z", "event": "phase_transition", "feature": "overnight-review-gate-reverts-a-clean", "from": "clarify", "to": "research"}
{"ts": "2026-06-23T17:36:53Z", "event": "phase_transition", "feature": "overnight-review-gate-reverts-a-clean", "from": "research", "to": "specify"}
{"ts": "2026-06-23T17:56:32Z", "event": "spec_approved", "feature": "overnight-review-gate-reverts-a-clean"}
{"ts": "2026-06-23T17:56:32Z", "event": "phase_transition", "feature": "overnight-review-gate-reverts-a-clean", "from": "specify", "to": "plan"}
{"ts": "2026-06-23T17:59:26Z", "event": "feature_paused", "feature": "overnight-review-gate-reverts-a-clean"}
{"ts": "2026-06-23T18:47:34Z", "event": "plan_approved", "feature": "overnight-review-gate-reverts-a-clean", "dispatch_choice": "wait"}
{"ts": "2026-06-23T18:47:34Z", "event": "feature_paused", "feature": "overnight-review-gate-reverts-a-clean"}
{"ts": "2026-06-23T19:54:54Z", "event": "phase_transition", "feature": "overnight-review-gate-reverts-a-clean", "tier": "complex", "from": "plan", "to": "implement"}
{"ts": "2026-06-23T19:55:50Z", "event": "batch_dispatch", "feature": "overnight-review-gate-reverts-a-clean", "batch": 0, "tasks": [1]}
{"ts": "2026-06-23T20:05:50Z", "event": "batch_dispatch", "feature": "overnight-review-gate-reverts-a-clean", "batch": 1, "tasks": [2]}
{"ts": "2026-06-23T20:20:47Z", "event": "batch_dispatch", "feature": "overnight-review-gate-reverts-a-clean", "batch": 2, "tasks": [3]}
{"ts": "2026-06-23T20:57:57Z", "event": "batch_dispatch", "feature": "overnight-review-gate-reverts-a-clean", "batch": 3, "tasks": [4]}
{"ts": "2026-06-23T21:11:56Z", "event": "batch_dispatch", "feature": "overnight-review-gate-reverts-a-clean", "batch": 3, "tasks": [5]}
{"ts": "2026-06-23T21:34:39Z", "event": "batch_dispatch", "feature": "overnight-review-gate-reverts-a-clean", "batch": 3, "tasks": [6]}
{"ts": "2026-06-23T21:45:20Z", "event": "batch_dispatch", "feature": "overnight-review-gate-reverts-a-clean", "batch": 4, "tasks": [7]}
{"ts": "2026-06-23T22:06:44Z", "event": "batch_dispatch", "feature": "overnight-review-gate-reverts-a-clean", "batch": 5, "tasks": [8]}
{"ts": "2026-06-23T22:20:18Z", "event": "batch_dispatch", "feature": "overnight-review-gate-reverts-a-clean", "batch": 6, "tasks": [9]}
{"ts": "2026-06-23T22:38:45Z", "event": "phase_transition", "feature": "overnight-review-gate-reverts-a-clean", "tier": "complex", "from": "implement", "to": "review"}
{"ts": "2026-06-23T22:55:33Z", "event": "review_verdict", "feature": "overnight-review-gate-reverts-a-clean", "verdict": "APPROVED", "cycle": 1, "requirements_drift": "none"}
{"ts": "2026-06-23T22:55:33Z", "event": "phase_transition", "feature": "overnight-review-gate-reverts-a-clean", "from": "review", "to": "complete"}
{"ts": "2026-06-23T22:58:15Z", "event": "feature_complete", "feature": "overnight-review-gate-reverts-a-clean", "tasks_total": 9, "rework_cycles": 0, "merge_anchor": "merge"}
