{"ts": "2026-04-03T00:00:00Z", "event": "clarify_critic", "feature": "fix-non-atomic-state-writes-in-overnight-runner", "findings": ["The fix pattern is named (save_state()) for the overnight-state.json case but only gestured at for batch-{N}-results.json — the item does not specify whether to inline, extract, or create a new helper. The intent clarity High rating overstates the precision of the fix prescription.", "The line numbers cited are approximate (~1956-1963) and the orchestrator prompt references step labels (0d, 3c, 4a), not line numbers. High intent clarity is claimed on grounds of precision that the source does not fully deliver.", "Bug 1 requires editing a markdown prompt file that instructs an agent — this is categorically different from editing Python source. A prompt edit's correctness is non-deterministic (the agent may or may not follow updated instructions). The scope rating treats these two categories of change as equivalent without noting this distinction.", "The requirements alignment High rating asserts support from 'Graceful partial failure' without quoting the requirement. The reader cannot verify whether the attribute covers silent state corruption, data loss from append-only files, or is scoped only to session-level recovery.", "Atomic writes (tempfile + os.replace) change filesystem artifact lifecycle during a run. If any component uses file presence as a liveness signal, an in-progress atomic write at the temp path could cause a false-negative. The High alignment rating does not rule out this class of conflict."], "dispositions": {"apply": 1, "dismiss": 4, "ask": 0}, "applied_fixes": ["Scope analysis enriched: noted that Bug 1 (prompt edit) and Bug 2 (Python source edit) are categorically different categories of change with different verifiability properties — this adds a second axis to the existing scope uncertainty (secondary issues in/out)."], "status": "ok"}
{"ts": "2026-04-03T00:01:00Z", "event": "lifecycle_start", "feature": "fix-non-atomic-state-writes-in-overnight-runner", "tier": "complex", "criticality": "high"}
{"ts": "2026-04-03T00:01:01Z", "event": "phase_transition", "feature": "fix-non-atomic-state-writes-in-overnight-runner", "from": "clarify", "to": "research"}
{"ts": "2026-04-03T00:01:02Z", "event": "discovery_reference", "feature": "fix-non-atomic-state-writes-in-overnight-runner", "epic_research": "research/harness-design-long-running-apps/research.md", "epic_spec": null}
{"ts": "2026-04-03T00:05:00Z", "event": "phase_transition", "feature": "fix-non-atomic-state-writes-in-overnight-runner", "from": "research", "to": "specify"}
{"ts": "2026-04-03T00:10:00Z", "event": "phase_transition", "feature": "fix-non-atomic-state-writes-in-overnight-runner", "from": "specify", "to": "plan"}
{"ts": "2026-04-03T00:15:00Z", "event": "orchestrator_review", "feature": "fix-non-atomic-state-writes-in-overnight-runner", "phase": "plan", "verdict": "flag", "cycle": 1, "issues": ["P5: Task 3 Context contains copy-paste-ready Python code (asdict/update/json.dumps inline snippet). Task 4 Context contains a prohibited import statement. Both should be replaced with prose descriptions of the algorithm and structural guidance."]}
{"ts": "2026-04-03T00:15:01Z", "event": "orchestrator_dispatch_fix", "feature": "fix-non-atomic-state-writes-in-overnight-runner", "phase": "plan", "mode": "fresh_subagent", "issue": "P5 code budget violation: Task 3 and Task 4 Context fields contain copy-paste-ready Python code and import statements. Replace with prose descriptions and structural context only."}
{"ts": "2026-04-03T00:17:00Z", "event": "orchestrator_review", "feature": "fix-non-atomic-state-writes-in-overnight-runner", "phase": "plan", "verdict": "pass", "cycle": 2, "issues": []}
{"ts": "2026-04-03T00:20:00Z", "event": "phase_transition", "feature": "fix-non-atomic-state-writes-in-overnight-runner", "from": "plan", "to": "implement"}
{"ts": "2026-04-03T00:25:00Z", "event": "batch_dispatch", "feature": "fix-non-atomic-state-writes-in-overnight-runner", "batch": 0, "tasks": [1]}
{"ts": "2026-04-03T00:30:00Z", "event": "task_complete", "feature": "fix-non-atomic-state-writes-in-overnight-runner", "task": 1, "batch": 0, "status": "success"}
{"ts": "2026-04-03T00:31:00Z", "event": "batch_dispatch", "feature": "fix-non-atomic-state-writes-in-overnight-runner", "batch": 1, "tasks": [2, 5]}
{"ts": "2026-04-03T00:35:00Z", "event": "task_complete", "feature": "fix-non-atomic-state-writes-in-overnight-runner", "task": 2, "batch": 1, "status": "success"}
{"ts": "2026-04-03T00:35:01Z", "event": "task_complete", "feature": "fix-non-atomic-state-writes-in-overnight-runner", "task": 5, "batch": 1, "status": "success"}
{"ts": "2026-04-03T00:36:00Z", "event": "batch_dispatch", "feature": "fix-non-atomic-state-writes-in-overnight-runner", "batch": 2, "tasks": [3, 6, 7]}
{"ts": "2026-04-03T00:45:00Z", "event": "task_complete", "feature": "fix-non-atomic-state-writes-in-overnight-runner", "task": 3, "batch": 2, "status": "success"}
{"ts": "2026-04-03T00:45:01Z", "event": "task_complete", "feature": "fix-non-atomic-state-writes-in-overnight-runner", "task": 6, "batch": 2, "status": "success"}
{"ts": "2026-04-03T00:45:02Z", "event": "task_complete", "feature": "fix-non-atomic-state-writes-in-overnight-runner", "task": 7, "batch": 2, "status": "success"}
{"ts": "2026-04-03T00:50:00Z", "event": "batch_dispatch", "feature": "fix-non-atomic-state-writes-in-overnight-runner", "batch": 3, "tasks": [4, 8]}
{"ts": "2026-04-03T00:55:00Z", "event": "task_complete", "feature": "fix-non-atomic-state-writes-in-overnight-runner", "task": 4, "batch": 3, "status": "success"}
{"ts": "2026-04-03T00:55:01Z", "event": "task_complete", "feature": "fix-non-atomic-state-writes-in-overnight-runner", "task": 8, "batch": 3, "status": "success"}
{"ts": "2026-04-03T00:56:00Z", "event": "batch_dispatch", "feature": "fix-non-atomic-state-writes-in-overnight-runner", "batch": 4, "tasks": [9]}
{"ts": "2026-04-03T01:05:00Z", "event": "task_complete", "feature": "fix-non-atomic-state-writes-in-overnight-runner", "task": 9, "batch": 4, "status": "success"}
{"ts": "2026-04-03T01:06:00Z", "event": "phase_transition", "feature": "fix-non-atomic-state-writes-in-overnight-runner", "tier": "complex", "from": "implement", "to": "review"}
{"ts": "2026-04-03T01:10:00Z", "event": "review_verdict", "feature": "fix-non-atomic-state-writes-in-overnight-runner", "verdict": "APPROVED", "cycle": 1, "requirements_drift": "none"}
{"ts": "2026-04-03T01:10:01Z", "event": "phase_transition", "feature": "fix-non-atomic-state-writes-in-overnight-runner", "from": "review", "to": "complete"}
{"ts": "2026-04-03T01:12:00Z", "event": "feature_complete", "feature": "fix-non-atomic-state-writes-in-overnight-runner", "tasks_total": 9, "rework_cycles": 0}
