{"schema_version": 1, "ts": "2026-05-18T19:49:15Z", "event": "lifecycle_start", "feature": "resolve-cortex-interpreter-via-cli", "tier": "simple", "criticality": "medium", "entry_point": "refine"}
{"schema_version": 3, "ts": "2026-05-18T19:53:01Z", "event": "clarify_critic", "feature": "resolve-cortex-interpreter-via-cli", "parent_epic_loaded": false, "findings_count": 7, "dispositions": {"apply": 6, "dismiss": 0, "ask": 1}, "applied_fixes_count": 6, "dismissals_count": 0, "status": "ok"}
{"ts": "2026-05-18T19:55:00Z", "event": "lifecycle_start", "feature": "resolve-cortex-interpreter-via-cli", "tier": "complex", "criticality": "high"}
{"ts": "2026-05-18T21:38:44Z", "event": "complexity_override", "feature": "resolve-cortex-interpreter-via-cli", "from": "simple", "to": "complex", "gate": "research_open_questions"}
{"ts": "2026-05-18T22:12:21Z", "event": "spec_approved", "feature": "resolve-cortex-interpreter-via-cli"}
{"ts": "2026-05-18T22:12:21Z", "event": "phase_transition", "feature": "resolve-cortex-interpreter-via-cli", "from": "specify", "to": "plan"}
{"ts": "2026-05-18T22:27:58Z", "event": "plan_approved", "feature": "resolve-cortex-interpreter-via-cli"}
{"ts": "2026-05-18T22:27:58Z", "event": "phase_transition", "feature": "resolve-cortex-interpreter-via-cli", "from": "plan", "to": "implement"}
{"ts": "2026-05-19T01:10:58Z", "event": "batch_dispatch", "feature": "resolve-cortex-interpreter-via-cli", "batch": 0, "tasks": [1]}
{"ts": "2026-05-19T01:16:11Z", "event": "batch_dispatch", "feature": "resolve-cortex-interpreter-via-cli", "batch": 0, "tasks": [2]}
{"ts": "2026-05-19T01:17:51Z", "event": "batch_dispatch", "feature": "resolve-cortex-interpreter-via-cli", "batch": 1, "tasks": [3]}
{"ts": "2026-05-19T01:20:50Z", "event": "batch_dispatch", "feature": "resolve-cortex-interpreter-via-cli", "batch": 1, "tasks": [4]}
{"ts": "2026-05-19T01:24:23Z", "event": "batch_dispatch", "feature": "resolve-cortex-interpreter-via-cli", "batch": 2, "tasks": [5]}
{"ts": "2026-05-19T01:27:18Z", "event": "batch_dispatch", "feature": "resolve-cortex-interpreter-via-cli", "batch": 2, "tasks": [6]}
{"ts": "2026-05-19T01:28:39Z", "event": "batch_dispatch", "feature": "resolve-cortex-interpreter-via-cli", "batch": 3, "tasks": [7]}
{"ts": "2026-05-19T01:30:44Z", "event": "batch_dispatch", "feature": "resolve-cortex-interpreter-via-cli", "batch": 4, "tasks": [8]}
{"ts": "2026-05-19T01:36:06Z", "event": "batch_dispatch", "feature": "resolve-cortex-interpreter-via-cli", "batch": 5, "tasks": [9]}
{"ts": "2026-05-19T01:38:19Z", "event": "batch_dispatch", "feature": "resolve-cortex-interpreter-via-cli", "batch": 6, "tasks": [10]}
{"ts": "2026-05-19T01:39:51Z", "event": "batch_dispatch", "feature": "resolve-cortex-interpreter-via-cli", "batch": 7, "tasks": [11]}
{"ts": "2026-05-19T01:43:41Z", "event": "batch_dispatch", "feature": "resolve-cortex-interpreter-via-cli", "batch": 8, "tasks": [12]}
{"ts": "2026-05-19T01:47:16Z", "event": "batch_dispatch", "feature": "resolve-cortex-interpreter-via-cli", "batch": 8, "tasks": [13]}
{"ts": "2026-05-19T01:48:51Z", "event": "batch_dispatch", "feature": "resolve-cortex-interpreter-via-cli", "batch": 8, "tasks": [14]}
{"ts": "2026-05-19T01:54:05Z", "event": "batch_dispatch", "feature": "resolve-cortex-interpreter-via-cli", "batch": 9, "tasks": [15]}
{"ts": "2026-05-19T01:56:18Z", "event": "batch_dispatch", "feature": "resolve-cortex-interpreter-via-cli", "batch": 9, "tasks": [16]}
{"ts": "2026-05-19T01:59:13Z", "event": "batch_dispatch", "feature": "resolve-cortex-interpreter-via-cli", "batch": 9, "tasks": [17]}
{"ts": "2026-05-19T02:03:53Z", "event": "phase_transition", "feature": "resolve-cortex-interpreter-via-cli", "tier": "complex", "from": "implement", "to": "review"}
{"ts": "2026-05-19T02:08:47Z", "event": "review_verdict", "feature": "resolve-cortex-interpreter-via-cli", "verdict": "APPROVED", "cycle": 1, "requirements_drift": "none"}
{"ts": "2026-05-19T02:08:47Z", "event": "phase_transition", "feature": "resolve-cortex-interpreter-via-cli", "from": "review", "to": "complete"}
{"ts": "2026-05-19T02:16:14Z", "event": "feature_complete", "feature": "resolve-cortex-interpreter-via-cli", "tasks_total": 17, "rework_cycles": 1}
