{"schema_version": 3, "ts": "2026-05-16T04:18:01Z", "event": "clarify_critic", "feature": "discovery-output-density-investigate-author-centric", "parent_epic_loaded": false, "findings_count": 6, "dispositions": {"apply": 4, "dismiss": 0, "ask": 2}, "applied_fixes_count": 4, "dismissals_count": 0, "status": "ok"}
{"ts": "2026-05-16T21:10:10Z", "event": "spec_approved", "feature": "discovery-output-density-investigate-author-centric"}
{"ts": "2026-05-18T00:10:02Z", "event": "plan_approved", "feature": "discovery-output-density-investigate-author-centric"}
{"ts": "2026-05-18T00:10:02Z", "event": "phase_transition", "feature": "discovery-output-density-investigate-author-centric", "from": "plan", "to": "implement"}
{"ts": "2026-05-18T00:26:57Z", "event": "batch_dispatch", "feature": "discovery-output-density-investigate-author-centric", "batch": 0, "tasks": [1, 2, 4, 10]}
{"ts": "2026-05-18T00:28:33Z", "event": "batch_dispatch", "feature": "discovery-output-density-investigate-author-centric", "batch": 1, "tasks": [3]}
{"ts":"2026-05-18T00:30:44Z","event":"gate_brief_generated","status":"validation_failed","brief_word_count":0,"patterns_detected_count":0}
{"ts":"2026-05-18T00:31:01Z","event":"gate_brief_generated","status":"validation_failed","brief_word_count":0,"patterns_detected_count":0}
{"ts": "2026-05-18T00:32:42Z", "event": "batch_dispatch", "feature": "discovery-output-density-investigate-author-centric", "batch": 2, "tasks": [5]}
{"ts": "2026-05-18T01:25:48Z", "event": "batch_dispatch", "feature": "discovery-output-density-investigate-author-centric", "batch": 3, "tasks": [6]}
{"ts": "2026-05-18T01:28:06Z", "event": "batch_dispatch", "feature": "discovery-output-density-investigate-author-centric", "batch": 4, "tasks": [7]}
{"ts": "2026-05-18T01:32:24Z", "event": "batch_dispatch", "feature": "discovery-output-density-investigate-author-centric", "batch": 5, "tasks": [8]}
{"ts": "2026-05-18T01:36:36Z", "event": "batch_dispatch", "feature": "discovery-output-density-investigate-author-centric", "batch": 6, "tasks": [9, 11]}
{"ts": "2026-05-18T01:38:08Z", "event": "batch_dispatch", "feature": "discovery-output-density-investigate-author-centric", "batch": 7, "tasks": [12]}
{"ts": "2026-05-18T01:40:44Z", "event": "batch_dispatch", "feature": "discovery-output-density-investigate-author-centric", "batch": 8, "tasks": [13]}
{"ts": "2026-05-18T01:41:00Z", "event": "phase_transition", "feature": "discovery-output-density-investigate-author-centric", "tier": "simple", "from": "implement", "to": "complete"}
{"ts": "2026-05-18T01:43:11Z", "event": "feature_complete", "feature": "discovery-output-density-investigate-author-centric", "tasks_total": 13, "rework_cycles": 0}
{"ts":"2026-05-18T02:49:00Z","event":"gate_brief_generated","status":"validation_failed","brief_word_count":0,"patterns_detected_count":0}
{"ts":"2026-05-18T02:49:07Z","event":"gate_brief_generated","status":"validation_failed","brief_word_count":0,"patterns_detected_count":0}
{"ts":"2026-05-18T02:49:15Z","event":"gate_brief_generated","status":"validation_failed","brief_word_count":0,"patterns_detected_count":0}
{"ts": "2026-05-18T02:54:51Z", "event": "review_verdict", "feature": "discovery-output-density-investigate-author-centric", "verdict": "APPROVED", "cycle": 1, "requirements_drift": "none"}
{"ts": "2026-05-18T02:55:00Z", "event": "phase_transition", "feature": "discovery-output-density-investigate-author-centric", "from": "review", "to": "complete"}
