{"ts": "2026-04-02T00:00:00Z", "event": "lifecycle_start", "feature": "non-prescriptive-tickets-and-refine", "tier": "complex", "criticality": "high"}
{"ts": "2026-04-02T00:00:01Z", "event": "clarify_critic", "feature": "non-prescriptive-tickets-and-refine", "findings": ["The two goals may not be independent — changing ticket content affects what /refine receives, so the second goal may partially subsume the first.", "The phrase 'extremely confident' is an undefined threshold — ambiguous subject and no standard for judgment.", "Scope MEDIUM reasoning was circular — /refine and ticket creation are separate surfaces; /refine being bounded doesn't bound ticket creation scope.", "Requirements alignment HIGH was based on unverified paraphrased passages; the 'Complexity must earn its place' citation is about architectural complexity, not ticket authoring."], "dispositions": {"apply": 2, "dismiss": 2, "ask": 0}, "applied_fixes": ["Revised scope to HIGH — both surfaces are conceptually bounded; specific file enumeration is a research question, not scope uncertainty.", "Removed 'Complexity must earn its place' citation; requirements alignment stays HIGH on Daytime Work Quality passage alone."], "status": "ok"}
{"ts": "2026-04-02T00:00:02Z", "event": "phase_transition", "feature": "non-prescriptive-tickets-and-refine", "from": "clarify", "to": "research"}
{"ts": "2026-04-02T00:00:10Z", "event": "orchestrator_review", "feature": "non-prescriptive-tickets-and-refine", "phase": "research", "verdict": "pass", "cycle": 1, "issues": []}
{"ts": "2026-04-02T00:00:11Z", "event": "phase_transition", "feature": "non-prescriptive-tickets-and-refine", "from": "research", "to": "specify"}
{"ts": "2026-04-02T00:00:20Z", "event": "orchestrator_review", "feature": "non-prescriptive-tickets-and-refine", "phase": "specify", "verdict": "flag", "cycle": 1, "issues": ["S3: No explicit must-have/should-have labeling in Requirements section"]}
{"ts": "2026-04-02T00:00:21Z", "event": "orchestrator_dispatch_fix", "feature": "non-prescriptive-tickets-and-refine", "phase": "specify", "mode": "fresh_subagent", "issue": "S3: MoSCoW classification not explicit — all 4 requirements are must-have but not labeled as such"}
{"ts": "2026-04-02T00:00:22Z", "event": "orchestrator_review", "feature": "non-prescriptive-tickets-and-refine", "phase": "specify", "verdict": "pass", "cycle": 2, "issues": []}
{"ts": "2026-04-02T00:00:30Z", "event": "phase_transition", "feature": "non-prescriptive-tickets-and-refine", "from": "specify", "to": "plan"}
{"ts": "2026-04-02T00:00:40Z", "event": "orchestrator_review", "feature": "non-prescriptive-tickets-and-refine", "phase": "plan", "verdict": "pass", "cycle": 1, "issues": []}
{"ts": "2026-04-02T00:00:50Z", "event": "orchestrator_review", "feature": "non-prescriptive-tickets-and-refine", "phase": "plan", "verdict": "pass", "cycle": 1, "issues": []}
{"ts": "2026-04-02T00:01:00Z", "event": "phase_transition", "feature": "non-prescriptive-tickets-and-refine", "from": "plan", "to": "implement"}
{"ts": "2026-04-02T00:01:10Z", "event": "batch_dispatch", "feature": "non-prescriptive-tickets-and-refine", "batch": 0, "tasks": [1, 2, 3, 4]}
{"ts": "2026-04-02T00:02:00Z", "event": "task_complete", "feature": "non-prescriptive-tickets-and-refine", "task": 1, "batch": 0, "status": "success"}
{"ts": "2026-04-02T00:02:01Z", "event": "task_complete", "feature": "non-prescriptive-tickets-and-refine", "task": 2, "batch": 0, "status": "success"}
{"ts": "2026-04-02T00:02:02Z", "event": "non-prescriptive-tickets-and-refine", "task": 3, "batch": 0, "status": "success"}
{"ts": "2026-04-02T00:02:03Z", "event": "task_complete", "feature": "non-prescriptive-tickets-and-refine", "task": 4, "batch": 0, "status": "success"}
{"ts": "2026-04-02T00:03:00Z", "event": "phase_transition", "feature": "non-prescriptive-tickets-and-refine", "tier": "complex", "from": "implement", "to": "review"}
{"ts": "2026-04-02T00:04:00Z", "event": "review_verdict", "feature": "non-prescriptive-tickets-and-refine", "verdict": "APPROVED", "cycle": 1}
{"ts": "2026-04-02T00:04:01Z", "event": "phase_transition", "feature": "non-prescriptive-tickets-and-refine", "from": "review", "to": "complete"}
{"ts": "2026-04-02T00:05:00Z", "event": "feature_complete", "feature": "non-prescriptive-tickets-and-refine", "tasks_total": 4, "rework_cycles": 0}
