- ts: 2026-04-06T00:00:00Z
  event: clarify_critic
  feature: fix-inline-style-violations-in-sessionpanel-and-featurecards-templates
  findings:
    - "Intent clarity rated High but ticket's decision tree creates ambiguous completion criteria for data-driven styles — 'surface as a follow-on concern' is undefined."
    - "Scope boundedness rated High but ticket acknowledges investigation hasn't happened — conditional scope based on uninvestigated conditions."
    - "DESIGN.md prohibition may not apply to var() CSS custom property references in style= attributes — ticket conflates all inline styles with the specific prohibited patterns."
    - "Requirements alignment cites observability.md but that document contains no mention of CSS methodology, inline styles, or DESIGN.md compliance."
  dispositions:
    apply: 1
    dismiss: 3
    ask: 0
  applied_fixes:
    - "Revised requirements alignment from High to partial — observability.md does not address CSS methodology; driving constraint is DESIGN.md, not requirements/."
  status: ok

- ts: 2026-04-06T00:01:00Z
  event: lifecycle_start
  feature: fix-inline-style-violations-in-sessionpanel-and-featurecards-templates
  tier: simple
  criticality: medium

- ts: 2026-04-06T00:02:00Z
  event: orchestrator_review
  feature: fix-inline-style-violations-in-sessionpanel-and-featurecards-templates
  phase: specify
  verdict: flag
  cycle: 1
  issues:
    - "S1: Acceptance criteria not binary-checkable — Reqs 1-2 describe observable state but lack explicit file paths and grep patterns; Req 3 uses 'manual inspection' without Interactive/session-dependent annotation"

- ts: 2026-04-06T00:02:30Z
  event: orchestrator_dispatch_fix
  feature: fix-inline-style-violations-in-sessionpanel-and-featurecards-templates
  phase: specify
  mode: fresh_subagent
  issue: "S1: Acceptance criteria not binary-checkable"

- ts: 2026-04-06T00:03:00Z
  event: orchestrator_review
  feature: fix-inline-style-violations-in-sessionpanel-and-featurecards-templates
  phase: specify
  verdict: pass
  cycle: 2
  issues: []
