{"ts": "2026-04-02T00:00:00Z", "event": "clarify_critic", "feature": "critical-review-skill-audit", "findings": ["The assessment collapses 'reviewing the right things' into 'challenge angle derivation' without any textual basis for that narrowing — the user never said challenge angle derivation.", "The skill dispatches exactly one general-purpose agent with no configuration surface — if the user's concern is 'having the right agents set up', either the concern is unmet or the user means something the assessment has not resolved.", "The scope is claimed as bounded to the skill text but the skill text contains no context-sensitivity logic at all — nothing gates on project type.", "Requirements alignment cites the skill's own self-description as evidence of requirements-level alignment, which is circular."], "dispositions": {"apply": 0, "dismiss": 3, "ask": 1}, "applied_fixes": [], "status": "ok"}
{"ts": "2026-04-02T00:01:00Z", "event": "lifecycle_start", "feature": "critical-review-skill-audit", "tier": "complex", "criticality": "high"}
{"ts": "2026-04-02T00:01:00Z", "event": "phase_transition", "feature": "critical-review-skill-audit", "from": "clarify", "to": "research"}
{"ts": "2026-04-02T00:02:00Z", "event": "orchestrator_review", "feature": "critical-review-skill-audit", "phase": "research", "verdict": "pass", "cycle": 1, "issues": []}
{"ts": "2026-04-02T00:02:00Z", "event": "phase_transition", "feature": "critical-review-skill-audit", "from": "research", "to": "specify"}
{"ts": "2026-04-02T00:03:00Z", "event": "orchestrator_review", "feature": "critical-review-skill-audit", "phase": "specify", "verdict": "flag", "cycle": 1, "issues": ["S3: requirements not labeled must-have/should-have — classification implicit but not explicit"]}
{"ts": "2026-04-02T00:04:00Z", "event": "orchestrator_dispatch_fix", "feature": "critical-review-skill-audit", "phase": "specify", "mode": "fresh_subagent", "issue": "S3: Add explicit MoSCoW labels to each requirement with brief justification"}
{"ts": "2026-04-02T00:05:00Z", "event": "orchestrator_review", "feature": "critical-review-skill-audit", "phase": "specify", "verdict": "pass", "cycle": 2, "issues": []}
{"ts": "2026-04-02T00:06:00Z", "event": "phase_transition", "feature": "critical-review-skill-audit", "from": "specify", "to": "plan"}
{"ts": "2026-04-02T00:07:00Z", "event": "orchestrator_review", "feature": "critical-review-skill-audit", "phase": "plan", "verdict": "pass", "cycle": 1, "issues": []}
{"ts": "2026-04-02T00:08:00Z", "event": "phase_transition", "feature": "critical-review-skill-audit", "from": "plan", "to": "implement"}
{"ts": "2026-04-02T00:09:00Z", "event": "batch_dispatch", "feature": "critical-review-skill-audit", "batch": 0, "tasks": [1]}
{"ts": "2026-04-02T00:10:00Z", "event": "task_complete", "feature": "critical-review-skill-audit", "task": 1, "batch": 0, "status": "success"}
{"ts": "2026-04-02T00:11:00Z", "event": "batch_dispatch", "feature": "critical-review-skill-audit", "batch": 1, "tasks": [2]}
{"ts": "2026-04-02T00:12:00Z", "event": "task_complete", "feature": "critical-review-skill-audit", "task": 2, "batch": 1, "status": "success"}
{"ts": "2026-04-02T00:13:00Z", "event": "batch_dispatch", "feature": "critical-review-skill-audit", "batch": 2, "tasks": [3]}
{"ts": "2026-04-02T00:14:00Z", "event": "task_complete", "feature": "critical-review-skill-audit", "task": 3, "batch": 2, "status": "success"}
{"ts": "2026-04-02T00:15:00Z", "event": "batch_dispatch", "feature": "critical-review-skill-audit", "batch": 3, "tasks": [4]}
{"ts": "2026-04-02T00:16:00Z", "event": "task_complete", "feature": "critical-review-skill-audit", "task": 4, "batch": 3, "status": "success"}
{"ts": "2026-04-02T00:17:00Z", "event": "batch_dispatch", "feature": "critical-review-skill-audit", "batch": 4, "tasks": [5]}
{"ts": "2026-04-02T00:18:00Z", "event": "task_complete", "feature": "critical-review-skill-audit", "task": 5, "batch": 4, "status": "success"}
{"ts": "2026-04-02T00:19:00Z", "event": "phase_transition", "feature": "critical-review-skill-audit", "tier": "complex", "from": "implement", "to": "review"}
{"ts": "2026-04-02T00:20:00Z", "event": "review_verdict", "feature": "critical-review-skill-audit", "verdict": "APPROVED", "cycle": 1}
{"ts": "2026-04-02T00:20:00Z", "event": "phase_transition", "feature": "critical-review-skill-audit", "from": "review", "to": "complete"}
{"ts": "2026-04-02T00:21:00Z", "event": "feature_complete", "feature": "critical-review-skill-audit", "tasks_total": 5, "rework_cycles": 0}
