{"ts": "2026-04-03T10:01:00Z", "event": "clarify_critic", "feature": "fix-next-question-id-race-condition-in-deferral-py", "findings": ["The single-function scope claim is contradicted by _next_escalation_n() having the same scan-and-increment race pattern under asyncio.gather", "The silent data loss criticality claim overstates real-world probability — glob is per-feature scoped so collisions require same-feature concurrent deferrals", "Requirements alignment cherry-picks atomicity while ignoring the explicit lock-free architectural constraint that conflicts with suggested fix approaches", "Intent clarity relies on reportedly hedged docstring claim from secondhand adversarial review"], "dispositions": {"apply": 1, "dismiss": 2, "ask": 1}, "applied_fixes": ["Revised requirements alignment from Aligned to Partial alignment — fix aligns with atomicity goals but must respect the lock-free architectural constraint"], "status": "ok"}
{"ts": "2026-04-03T10:03:00Z", "event": "lifecycle_start", "feature": "fix-next-question-id-race-condition-in-deferral-py", "tier": "simple", "criticality": "high"}
{"ts": "2026-04-03T10:03:01Z", "event": "phase_transition", "feature": "fix-next-question-id-race-condition-in-deferral-py", "from": "clarify", "to": "research"}
{"ts": "2026-04-03T10:08:00Z", "event": "orchestrator_review", "feature": "fix-next-question-id-race-condition-in-deferral-py", "phase": "research", "verdict": "pass", "cycle": 1, "issues": []}
{"ts": "2026-04-03T10:08:30Z", "event": "phase_transition", "feature": "fix-next-question-id-race-condition-in-deferral-py", "from": "research", "to": "specify"}
{"ts": "2026-04-03T10:12:00Z", "event": "orchestrator_review", "feature": "fix-next-question-id-race-condition-in-deferral-py", "phase": "specify", "verdict": "flag", "cycle": 1, "issues": ["S1: R2 acceptance criterion grep only matches 2 of 4 broken calls and tests argument removal instead of atomicity", "S3: No MoSCoW classification — R4 (docstring) should be labeled should-have vs must-have for R1/R3"]}
{"ts": "2026-04-03T10:12:30Z", "event": "orchestrator_dispatch_fix", "feature": "fix-next-question-id-race-condition-in-deferral-py", "phase": "specify", "mode": "same_context", "issue": "S1: R2 acceptance criterion incomplete; S3: No MoSCoW classification"}
{"ts": "2026-04-03T10:15:00Z", "event": "orchestrator_review", "feature": "fix-next-question-id-race-condition-in-deferral-py", "phase": "specify", "verdict": "pass", "cycle": 2, "issues": []}
{"ts": "2026-04-03T10:22:00Z", "event": "orchestrator_review", "feature": "fix-next-question-id-race-condition-in-deferral-py", "phase": "specify", "verdict": "pass", "cycle": 1, "issues": []}
{"ts": "2026-04-04T00:01:00Z", "event": "phase_transition", "feature": "fix-next-question-id-race-condition-in-deferral-py", "from": "specify", "to": "plan"}
{"ts": "2026-04-04T00:05:00Z", "event": "orchestrator_review", "feature": "fix-next-question-id-race-condition-in-deferral-py", "phase": "plan", "verdict": "pass", "cycle": 1, "issues": []}
{"ts": "2026-04-04T00:06:00Z", "event": "phase_transition", "feature": "fix-next-question-id-race-condition-in-deferral-py", "from": "plan", "to": "implement"}
{"ts": "2026-04-04T00:08:00Z", "event": "batch_dispatch", "feature": "fix-next-question-id-race-condition-in-deferral-py", "batch": 0, "tasks": [1, 2]}
{"ts": "2026-04-04T00:12:00Z", "event": "task_complete", "feature": "fix-next-question-id-race-condition-in-deferral-py", "task": 1, "batch": 0, "status": "success"}
{"ts": "2026-04-04T00:12:01Z", "event": "task_complete", "feature": "fix-next-question-id-race-condition-in-deferral-py", "task": 2, "batch": 0, "status": "success"}
{"ts": "2026-04-04T00:13:00Z", "event": "batch_dispatch", "feature": "fix-next-question-id-race-condition-in-deferral-py", "batch": 1, "tasks": [3]}
{"ts": "2026-04-04T00:16:00Z", "event": "task_complete", "feature": "fix-next-question-id-race-condition-in-deferral-py", "task": 3, "batch": 1, "status": "success"}
{"ts": "2026-04-04T00:17:00Z", "event": "batch_dispatch", "feature": "fix-next-question-id-race-condition-in-deferral-py", "batch": 2, "tasks": [4]}
{"ts": "2026-04-04T00:20:00Z", "event": "task_complete", "feature": "fix-next-question-id-race-condition-in-deferral-py", "task": 4, "batch": 2, "status": "success"}
{"ts": "2026-04-04T00:21:00Z", "event": "phase_transition", "feature": "fix-next-question-id-race-condition-in-deferral-py", "tier": "simple", "from": "implement", "to": "review"}
{"ts": "2026-04-04T00:25:00Z", "event": "review_verdict", "feature": "fix-next-question-id-race-condition-in-deferral-py", "verdict": "APPROVED", "cycle": 1, "requirements_drift": "none"}
{"ts": "2026-04-04T00:25:01Z", "event": "phase_transition", "feature": "fix-next-question-id-race-condition-in-deferral-py", "from": "review", "to": "complete"}
{"ts": "2026-04-04T00:28:00Z", "event": "feature_complete", "feature": "fix-next-question-id-race-condition-in-deferral-py", "tasks_total": 4, "rework_cycles": 1}
