{"ts": "2026-04-04T10:00:00Z", "event": "clarify_critic", "feature": "critical-review-self-resolve-before-asking", "findings": ["Intent tension: user request to 'try best judgement first' conflicts with existing Apply bar that says 'uncertainty is a legitimate reason to Ask'", "Scope missed clarify-critic.md which explicitly declares itself coupled to critical-review Step 4 to avoid silent drift", "Requirements cherry-picking: assessment cites 'Research before asking' but ignores 'Don't fill unknowns with assumptions' from same paragraph", "Complexity/criticality inflation: change is prose edits to markdown, not branching logic across systems"], "dispositions": {"apply": 1, "dismiss": 3, "ask": 0}, "applied_fixes": ["Revised scope to include clarify-critic.md as a coupled downstream dependent"], "status": "ok"}
{"ts": "2026-04-04T10:01:00Z", "event": "lifecycle_start", "feature": "critical-review-self-resolve-before-asking", "tier": "complex", "criticality": "high"}
{"ts": "2026-04-04T10:01:01Z", "event": "phase_transition", "feature": "critical-review-self-resolve-before-asking", "from": "clarify", "to": "research"}
{"ts": "2026-04-04T10:05:00Z", "event": "orchestrator_review", "feature": "critical-review-self-resolve-before-asking", "phase": "research", "verdict": "flag", "cycle": 1, "issues": ["R4: Open question about fresh-agent vs inline was resolved during exit gate but research.md still shows it as unresolved"]}
{"ts": "2026-04-04T10:06:00Z", "event": "orchestrator_dispatch_fix", "feature": "critical-review-self-resolve-before-asking", "phase": "research", "mode": "fresh_subagent", "issue": "R4: Open question resolved during exit gate but not reflected in artifact"}
{"ts": "2026-04-04T10:07:00Z", "event": "orchestrator_review", "feature": "critical-review-self-resolve-before-asking", "phase": "research", "verdict": "pass", "cycle": 2, "issues": []}
{"ts": "2026-04-04T10:08:00Z", "event": "phase_transition", "feature": "critical-review-self-resolve-before-asking", "from": "research", "to": "specify"}
{"ts": "2026-04-04T10:12:00Z", "event": "orchestrator_review", "feature": "critical-review-self-resolve-before-asking", "phase": "specify", "verdict": "pass", "cycle": 1, "issues": []}
{"ts": "2026-04-06T10:00:00Z", "event": "phase_transition", "feature": "critical-review-self-resolve-before-asking", "from": "specify", "to": "plan"}
{"ts": "2026-04-06T10:05:00Z", "event": "orchestrator_review", "feature": "critical-review-self-resolve-before-asking", "phase": "plan", "verdict": "pass", "cycle": 1, "issues": []}
{"ts": "2026-04-06T10:15:00Z", "event": "orchestrator_review", "feature": "critical-review-self-resolve-before-asking", "phase": "plan", "verdict": "pass", "cycle": 2, "issues": []}
{"ts": "2026-04-06T10:20:00Z", "event": "phase_transition", "feature": "critical-review-self-resolve-before-asking", "from": "plan", "to": "implement"}
{"ts": "2026-04-06T10:25:00Z", "event": "batch_dispatch", "feature": "critical-review-self-resolve-before-asking", "batch": 0, "tasks": [1]}
{"ts": "2026-04-06T10:26:00Z", "event": "task_complete", "feature": "critical-review-self-resolve-before-asking", "task": 1, "batch": 0, "status": "success"}
{"ts": "2026-04-06T10:30:00Z", "event": "batch_dispatch", "feature": "critical-review-self-resolve-before-asking", "batch": 1, "tasks": [2]}
{"ts": "2026-04-06T10:31:00Z", "event": "task_complete", "feature": "critical-review-self-resolve-before-asking", "task": 2, "batch": 1, "status": "success"}
{"ts": "2026-04-06T10:35:00Z", "event": "batch_dispatch", "feature": "critical-review-self-resolve-before-asking", "batch": 2, "tasks": [3]}
{"ts": "2026-04-06T10:36:00Z", "event": "task_complete", "feature": "critical-review-self-resolve-before-asking", "task": 3, "batch": 2, "status": "success"}
{"ts": "2026-04-06T10:37:00Z", "event": "phase_transition", "feature": "critical-review-self-resolve-before-asking", "tier": "complex", "from": "implement", "to": "review"}
{"ts": "2026-04-06T10:40:00Z", "event": "review_verdict", "feature": "critical-review-self-resolve-before-asking", "verdict": "APPROVED", "cycle": 1, "requirements_drift": "none"}
{"ts": "2026-04-06T10:40:01Z", "event": "phase_transition", "feature": "critical-review-self-resolve-before-asking", "from": "review", "to": "complete"}
{"ts": "2026-04-06T10:45:00Z", "event": "feature_complete", "feature": "critical-review-self-resolve-before-asking", "tasks_total": 3, "rework_cycles": 0}
