- ts: 2026-04-28T00:00:00Z
  event: clarify_critic
  feature: extract-refine-resolution-into-bin-resolve-backlog-item-with-bailout
  findings:
    - "Intent clarity rated HIGH on the basis of 'bailout exit codes' (plural, distinct), but the ticket only specifies exit code 0; 'Non-zero distinct codes for: ambiguous, no-match' leaves the numeric values undefined. SKILL.md's branching depends on those values."
    - "Intent clarity rated HIGH on the JSON shape {filename, slug, title, lifecycle_slug, frontmatter}, but the Context section names 'three distinct slugs (backlog-filename-slug, item-title, lifecycle-slug)' — note item-title vs title and backlog-filename-slug vs filename/slug. Internal naming drift; 'frontmatter' field is undefined in shape."
    - "Scope boundedness rated HIGH but the boundary between 'ambiguous' and 'no-match' is the load-bearing decision and is undefined. A title-phrase substring hitting two items: bail or pick most recent? slugify() normalizes input but does not define multi-strategy resolution semantics."
    - "Scope boundedness rated HIGH and ambiguous-path UX is cited as out of scope, but Scope says SKILL.md must 'fall through to existing disambiguation flow on non-zero' — whether the script passes candidate hints across the bail boundary is a UX-shaping design choice that is not specified."
    - "Requirements alignment rated HIGH citing 'SKILL.md-to-bin parity enforcement' from project.md, but the source material provided to the critic contained no quote from project.md. The HIGH rating leans on an attribute not surfaced from the ticket itself; the agent may be conflating SKILL.md-to-bin parity with dual-source mirroring (which is what the ticket actually invokes)."
    - "Complexity rated 'complex (4+ files)' but undercounts: 'exactly mirror canonical cortex_command/common.py:slugify()' implies either an import dependency on the Python package or a duplicated implementation needing drift protection — neither is acknowledged. Tests are listed but the ticket itself does not mention tests."
    - "Criticality rated 'high' because the skill is on the critical path, but the ticket itself rates priority medium and tags heat as 'warm' (low-frequency). The bailout design specifically minimizes blast radius (unhappy path unchanged), which argues against high criticality."
  dispositions:
    apply: 0
    dismiss: 7
    ask: 0
  applied_fixes: []
  dismissals:
    - finding_index: 0
      rationale: "Numeric exit-code values are spec/implementation detail. The clarify gate evaluates goal-level intent, which is unambiguous (Pareto-improvement bailout). Surface as a research question — not a clarify confidence concern."
    - finding_index: 1
      rationale: "JSON key naming drift between Context and Scope sections is a spec-level concern; confidence in feature intent is intact. Research/spec will resolve the canonical schema."
    - finding_index: 2
      rationale: "Disambiguation granularity (when to bail vs commit) is investigatable by reading existing skills/refine/SKILL.md Step 1 and sampling backlog items — research-resolvable, not user-resolvable. Carry as a research question."
    - finding_index: 3
      rationale: "Script-to-fallback information transfer is a design choice resolvable by examining the current SKILL.md disambiguation flow's input requirements. Research-investigatable, not a user preference. Carry as a research question."
    - finding_index: 4
      rationale: "project.md line 27 explicitly contains 'SKILL.md-to-bin parity enforcement' as an Architectural Constraint. The critic's input was scoped to the ticket body and did not include project.md, so its objection is accurate-as-to-input. The HIGH alignment rating is grounded in evidence loaded during clarify §2."
    - finding_index: 5
      rationale: "Complexity assessment is binary (simple/complex) per clarify.md §5; 'complex' is the correct call regardless of additional file count or drift-protection considerations. Slugify dependency strategy is research scope (carried as a research question) — not a clarify gate concern."
    - finding_index: 6
      rationale: "clarify.md §3 explicitly states 'high — significant impact or hard to reverse, OR any change to shared skills / workflow infrastructure / overnight runner / hooks that other capabilities depend on — this is the appropriate default for most skill and agentic layer changes.' Bailout mitigates blast radius but does not change the documented default protocol for shared-skill changes."
  status: ok
- {"ts": "2026-04-28T00:00:00Z", "event": "orchestrator_review", "feature": "extract-refine-resolution-into-bin-resolve-backlog-item-with-bailout", "phase": "specify", "verdict": "pass", "cycle": 1, "issues": []}
{"ts": "2026-04-28T00:00:00Z", "event": "orchestrator_review", "feature": "extract-refine-resolution-into-bin-resolve-backlog-item-with-bailout", "phase": "plan", "verdict": "pass", "cycle": 1, "issues": []}
{"ts": "2026-04-28T00:00:00Z", "event": "phase_transition", "feature": "extract-refine-resolution-into-bin-resolve-backlog-item-with-bailout", "from": "plan", "to": "implement"}
{"ts": "2026-04-28T00:00:00Z", "event": "batch_dispatch", "feature": "extract-refine-resolution-into-bin-resolve-backlog-item-with-bailout", "batch": 0, "tasks": [1, 5]}
{"ts": "2026-04-28T00:00:00Z", "event": "task_complete", "feature": "extract-refine-resolution-into-bin-resolve-backlog-item-with-bailout", "task": 5, "batch": 0, "status": "success"}
{"ts": "2026-04-28T00:00:00Z", "event": "task_complete", "feature": "extract-refine-resolution-into-bin-resolve-backlog-item-with-bailout", "task": 1, "batch": 0, "status": "deferred_commit_to_t3"}
{"ts": "2026-04-28T00:00:00Z", "event": "batch_dispatch", "feature": "extract-refine-resolution-into-bin-resolve-backlog-item-with-bailout", "batch": 1, "tasks": [3]}
{"ts": "2026-04-28T00:00:00Z", "event": "task_complete", "feature": "extract-refine-resolution-into-bin-resolve-backlog-item-with-bailout", "task": 3, "batch": 1, "status": "success"}
{"ts": "2026-04-28T00:00:00Z", "event": "batch_dispatch", "feature": "extract-refine-resolution-into-bin-resolve-backlog-item-with-bailout", "batch": 2, "tasks": [2, 4]}
{"ts": "2026-04-28T00:00:00Z", "event": "task_complete", "feature": "extract-refine-resolution-into-bin-resolve-backlog-item-with-bailout", "task": 2, "batch": 2, "status": "success"}
{"ts": "2026-04-28T00:00:00Z", "event": "task_complete", "feature": "extract-refine-resolution-into-bin-resolve-backlog-item-with-bailout", "task": 4, "batch": 2, "status": "success"}
{"ts": "2026-04-28T00:00:00Z", "event": "task_complete", "feature": "extract-refine-resolution-into-bin-resolve-backlog-item-with-bailout", "task": 6, "batch": 3, "status": "success"}
{"ts": "2026-04-28T00:00:00Z", "event": "phase_transition", "feature": "extract-refine-resolution-into-bin-resolve-backlog-item-with-bailout", "tier": "simple", "from": "implement", "to": "complete"}
{"ts": "2026-04-28T00:00:00Z", "event": "feature_complete", "feature": "extract-refine-resolution-into-bin-resolve-backlog-item-with-bailout", "tasks_total": 6, "rework_cycles": 0}
