{"ts": "2026-05-04T12:00:00Z", "event": "orchestrator_review", "feature": "add-sandbox-violation-tracker-hook-for-posttoolusebash", "phase": "specify", "verdict": "pass", "cycle": 1, "issues": []}
{"ts": "2026-05-05T00:00:00Z", "event": "lifecycle_start", "feature": "add-sandbox-violation-tracker-hook-for-posttoolusebash", "tier": "complex", "criticality": "high"}
{"ts": "2026-05-05T00:00:01Z", "event": "phase_transition", "feature": "add-sandbox-violation-tracker-hook-for-posttoolusebash", "from": "specify", "to": "plan"}
{"ts": "2026-05-05T00:01:00Z", "event": "orchestrator_review", "feature": "add-sandbox-violation-tracker-hook-for-posttoolusebash", "phase": "plan", "verdict": "flag", "cycle": 1, "issues": ["P5: Task 5 Context contains a 2-line walrus-assignment code snippet that crosses from pattern reference into copy-paste-ready code"]}
{"ts": "2026-05-05T00:01:01Z", "event": "orchestrator_dispatch_fix", "feature": "add-sandbox-violation-tracker-hook-for-posttoolusebash", "phase": "plan", "mode": "same_context", "issue": "P5: Task 5 Context contains a 2-line walrus-assignment code snippet that crosses from pattern reference into copy-paste-ready code"}
{"ts": "2026-05-05T00:02:00Z", "event": "orchestrator_review", "feature": "add-sandbox-violation-tracker-hook-for-posttoolusebash", "phase": "plan", "verdict": "pass", "cycle": 2, "issues": []}
{"ts": "2026-05-05T15:10:05Z", "event": "batch_dispatch", "feature": "add-sandbox-violation-tracker-hook-for-posttoolusebash", "batch": 0, "tasks": [1, 3, 4, 5, 9]}
{"ts": "2026-05-05T15:38:17Z", "event": "task_complete", "feature": "add-sandbox-violation-tracker-hook-for-posttoolusebash", "task": 1, "batch": 0, "status": "success"}
{"ts": "2026-05-05T15:38:17Z", "event": "task_complete", "feature": "add-sandbox-violation-tracker-hook-for-posttoolusebash", "task": 3, "batch": 0, "status": "success"}
{"ts": "2026-05-05T15:38:17Z", "event": "task_complete", "feature": "add-sandbox-violation-tracker-hook-for-posttoolusebash", "task": 4, "batch": 0, "status": "success"}
{"ts": "2026-05-05T15:38:17Z", "event": "task_complete", "feature": "add-sandbox-violation-tracker-hook-for-posttoolusebash", "task": 5, "batch": 0, "status": "success"}
{"ts": "2026-05-05T15:38:17Z", "event": "task_complete", "feature": "add-sandbox-violation-tracker-hook-for-posttoolusebash", "task": 9, "batch": 0, "status": "success"}
{"ts": "2026-05-05T15:38:31Z", "event": "batch_dispatch", "feature": "add-sandbox-violation-tracker-hook-for-posttoolusebash", "batch": 1, "tasks": [2, 6]}
{"ts": "2026-05-05T15:45:47Z", "event": "task_complete", "feature": "add-sandbox-violation-tracker-hook-for-posttoolusebash", "task": 2, "batch": 1, "status": "success"}
{"ts": "2026-05-05T15:45:47Z", "event": "task_complete", "feature": "add-sandbox-violation-tracker-hook-for-posttoolusebash", "task": 6, "batch": 1, "status": "success"}
{"ts": "2026-05-05T15:45:47Z", "event": "batch_dispatch", "feature": "add-sandbox-violation-tracker-hook-for-posttoolusebash", "batch": 2, "tasks": [7]}
{"ts": "2026-05-05T15:48:42Z", "event": "task_complete", "feature": "add-sandbox-violation-tracker-hook-for-posttoolusebash", "task": 7, "batch": 2, "status": "success"}
{"ts": "2026-05-05T15:48:42Z", "event": "batch_dispatch", "feature": "add-sandbox-violation-tracker-hook-for-posttoolusebash", "batch": 3, "tasks": [8]}
{"ts": "2026-05-05T15:53:55Z", "event": "task_complete", "feature": "add-sandbox-violation-tracker-hook-for-posttoolusebash", "task": 8, "batch": 3, "status": "success"}
{"ts": "2026-05-05T15:53:55Z", "event": "phase_transition", "feature": "add-sandbox-violation-tracker-hook-for-posttoolusebash", "tier": "complex", "from": "implement", "to": "review"}
