{"ts": "2026-04-08T10:00:00Z", "event": "clarify_critic", "feature": "investigate-overnight-morning-review-git-sync-gaps", "findings": ["Investigation areas are open research questions, not bounded deliverables — assessment treats enumeration as evidence of boundedness", "Areas contain multiple bundled sub-questions with no stated priority", "Source material misdescribes morning review — omits existing pull step", "Requirements alignment quote doesn't support the claim; sync proposals may conflict with integration branch persistence design", "Root cause described in aggregate; investigation areas are hypotheses not confirmed failure modes"], "dispositions": {"apply": 0, "dismiss": 5, "ask": 0}, "applied_fixes": [], "status": "ok"}
{"ts": "2026-04-08T10:01:00Z", "event": "lifecycle_start", "feature": "investigate-overnight-morning-review-git-sync-gaps", "tier": "complex", "criticality": "high"}
{"ts": "2026-04-08T10:02:00Z", "event": "phase_transition", "feature": "investigate-overnight-morning-review-git-sync-gaps", "from": "clarify", "to": "research"}
{"ts": "2026-04-08T10:10:00Z", "event": "phase_transition", "feature": "investigate-overnight-morning-review-git-sync-gaps", "from": "research", "to": "specify"}
{"ts": "2026-04-08T10:20:00Z", "event": "orchestrator_review", "feature": "investigate-overnight-morning-review-git-sync-gaps", "phase": "specify", "verdict": "pass", "cycle": 1, "issues": []}
{"ts": "2026-04-08T10:35:00Z", "event": "phase_transition", "feature": "investigate-overnight-morning-review-git-sync-gaps", "from": "specify", "to": "plan"}
{"ts": "2026-04-08T10:50:00Z", "event": "orchestrator_review", "feature": "investigate-overnight-morning-review-git-sync-gaps", "phase": "plan", "verdict": "pass", "cycle": 1, "issues": []}
{"ts": "2026-04-08T11:10:00Z", "event": "phase_transition", "feature": "investigate-overnight-morning-review-git-sync-gaps", "from": "plan", "to": "implement"}
{"ts": "2026-04-08T11:15:00Z", "event": "batch_dispatch", "feature": "investigate-overnight-morning-review-git-sync-gaps", "batch": 0, "tasks": [1, 3, 5]}
{"ts": "2026-04-08T11:20:00Z", "event": "task_complete", "feature": "investigate-overnight-morning-review-git-sync-gaps", "task": 1, "batch": 0, "status": "success"}
{"ts": "2026-04-08T11:20:00Z", "event": "task_complete", "feature": "investigate-overnight-morning-review-git-sync-gaps", "task": 3, "batch": 0, "status": "success"}
{"ts": "2026-04-08T11:20:00Z", "event": "task_complete", "feature": "investigate-overnight-morning-review-git-sync-gaps", "task": 5, "batch": 0, "status": "success"}
{"ts": "2026-04-08T11:21:00Z", "event": "batch_dispatch", "feature": "investigate-overnight-morning-review-git-sync-gaps", "batch": 1, "tasks": [2, 4]}
{"ts": "2026-04-08T11:30:00Z", "event": "task_complete", "feature": "investigate-overnight-morning-review-git-sync-gaps", "task": 2, "batch": 1, "status": "success"}
{"ts": "2026-04-08T11:30:00Z", "event": "task_complete", "feature": "investigate-overnight-morning-review-git-sync-gaps", "task": 4, "batch": 1, "status": "success"}
{"ts": "2026-04-08T11:31:00Z", "event": "batch_dispatch", "feature": "investigate-overnight-morning-review-git-sync-gaps", "batch": 2, "tasks": [6, 9]}
{"ts": "2026-04-08T11:40:00Z", "event": "task_complete", "feature": "investigate-overnight-morning-review-git-sync-gaps", "task": 6, "batch": 2, "status": "success"}
{"ts": "2026-04-08T11:40:00Z", "event": "task_complete", "feature": "investigate-overnight-morning-review-git-sync-gaps", "task": 9, "batch": 2, "status": "success"}
{"ts": "2026-04-08T11:41:00Z", "event": "batch_dispatch", "feature": "investigate-overnight-morning-review-git-sync-gaps", "batch": 3, "tasks": [7, 8]}
{"ts": "2026-04-08T11:50:00Z", "event": "task_complete", "feature": "investigate-overnight-morning-review-git-sync-gaps", "task": 7, "batch": 3, "status": "success"}
{"ts": "2026-04-08T11:50:00Z", "event": "task_complete", "feature": "investigate-overnight-morning-review-git-sync-gaps", "task": 8, "batch": 3, "status": "success"}
{"ts": "2026-04-08T11:51:00Z", "event": "phase_transition", "feature": "investigate-overnight-morning-review-git-sync-gaps", "tier": "complex", "from": "implement", "to": "review"}
{"ts": "2026-04-08T12:00:00Z", "event": "review_verdict", "feature": "investigate-overnight-morning-review-git-sync-gaps", "verdict": "APPROVED", "cycle": 1, "requirements_drift": "detected"}
{"ts": "2026-04-08T12:00:00Z", "event": "phase_transition", "feature": "investigate-overnight-morning-review-git-sync-gaps", "from": "review", "to": "complete"}
{"ts": "2026-04-08T12:10:00Z", "event": "feature_complete", "feature": "investigate-overnight-morning-review-git-sync-gaps", "tasks_total": 9, "rework_cycles": 0}
