{"ts": "2026-04-07T10:00:00Z", "event": "clarify_critic", "feature": "fix-overnight-runner-silent-crash-signal-handling-unregistered-events-and-batch-plan-path-mismatch", "findings": ["The debug file's recommended fixes contradict the backlog ticket's prescribed fixes (trap cleanup EXIT vs Do NOT), and the assessment's intent clarity rating ignores this conflict.", "The ticket silently drops scope items present in its cited investigation (watchdog PID cleanup), challenging scope boundedness.", "The requirements alignment cites 'graceful degradation' generically but the requirements doc scopes that term to budget/rate limits specifically.", "Failures B and C interact at runner.sh:660 — fixing C changes B's fallback behavior, contradicting the 'independent' characterization."], "dispositions": {"apply": 1, "dismiss": 3, "ask": 0}, "applied_fixes": ["Revised requirements alignment from citing 'graceful degradation' to citing session orchestration (forward-only phase transitions, state integrity on pause) and failure handling (fail-forward model) requirements."], "status": "ok"}
{"ts": "2026-04-07T10:01:00Z", "event": "lifecycle_start", "feature": "fix-overnight-runner-silent-crash-signal-handling-unregistered-events-and-batch-plan-path-mismatch", "tier": "complex", "criticality": "critical"}
{"ts": "2026-04-07T10:02:00Z", "event": "phase_transition", "feature": "fix-overnight-runner-silent-crash-signal-handling-unregistered-events-and-batch-plan-path-mismatch", "from": "clarify", "to": "research"}
{"ts": "2026-04-07T10:10:00Z", "event": "phase_transition", "feature": "fix-overnight-runner-silent-crash-signal-handling-unregistered-events-and-batch-plan-path-mismatch", "from": "research", "to": "specify"}
{"ts": "2026-04-07T10:20:00Z", "event": "orchestrator_review", "feature": "fix-overnight-runner-silent-crash-signal-handling-unregistered-events-and-batch-plan-path-mismatch", "phase": "specify", "verdict": "pass", "cycle": 1, "issues": []}
{"ts": "2026-04-07T10:30:00Z", "event": "phase_transition", "feature": "fix-overnight-runner-silent-crash-signal-handling-unregistered-events-and-batch-plan-path-mismatch", "from": "specify", "to": "plan"}
{"ts": "2026-04-07T10:40:00Z", "event": "plan_comparison", "feature": "fix-overnight-runner-silent-crash-signal-handling-unregistered-events-and-batch-plan-path-mismatch", "variants": [{"label": "Plan A", "approach": "Linear by failure area: A->B->C->D", "task_count": 12, "risk": "Sequential, runner.sh edited in 5 tasks"}, {"label": "Plan B", "approach": "Test-first: foundation then fixes then verification", "task_count": 10, "risk": "Regression test catches mistakes early"}, {"label": "Plan C", "approach": "Risk-ordered parallel waves", "task_count": 10, "risk": "Fastest to crash-free, batches runner.sh edits"}], "selected": "Plan B"}
{"ts": "2026-04-07T10:45:00Z", "event": "orchestrator_review", "feature": "fix-overnight-runner-silent-crash-signal-handling-unregistered-events-and-batch-plan-path-mismatch", "phase": "plan", "verdict": "flag", "cycle": 1, "issues": ["Task 3 had unnecessary dependency on Task 2 (regression test uses Path(__file__) not REPO_ROOT)", "Task 6 verification lacked explicit pass/fail format"]}
{"ts": "2026-04-07T11:00:00Z", "event": "phase_transition", "feature": "fix-overnight-runner-silent-crash-signal-handling-unregistered-events-and-batch-plan-path-mismatch", "from": "plan", "to": "implement"}
{"ts": "2026-04-07T11:00:01Z", "event": "batch_dispatch", "feature": "fix-overnight-runner-silent-crash-signal-handling-unregistered-events-and-batch-plan-path-mismatch", "batch": 0, "tasks": [1, 2, 4, 5, 6, 8]}
{"ts": "2026-04-07T11:05:00Z", "event": "task_complete", "feature": "fix-overnight-runner-silent-crash-signal-handling-unregistered-events-and-batch-plan-path-mismatch", "task": 1, "batch": 0, "status": "success"}
{"ts": "2026-04-07T11:05:01Z", "event": "task_complete", "feature": "fix-overnight-runner-silent-crash-signal-handling-unregistered-events-and-batch-plan-path-mismatch", "task": 2, "batch": 0, "status": "success"}
{"ts": "2026-04-07T11:05:02Z", "event": "task_complete", "feature": "fix-overnight-runner-silent-crash-signal-handling-unregistered-events-and-batch-plan-path-mismatch", "task": 4, "batch": 0, "status": "success"}
{"ts": "2026-04-07T11:05:03Z", "event": "task_complete", "feature": "fix-overnight-runner-silent-crash-signal-handling-unregistered-events-and-batch-plan-path-mismatch", "task": 5, "batch": 0, "status": "success"}
{"ts": "2026-04-07T11:05:04Z", "event": "task_complete", "feature": "fix-overnight-runner-silent-crash-signal-handling-unregistered-events-and-batch-plan-path-mismatch", "task": 6, "batch": 0, "status": "success"}
{"ts": "2026-04-07T11:05:05Z", "event": "task_complete", "feature": "fix-overnight-runner-silent-crash-signal-handling-unregistered-events-and-batch-plan-path-mismatch", "task": 8, "batch": 0, "status": "success"}
{"ts": "2026-04-07T11:06:00Z", "event": "batch_dispatch", "feature": "fix-overnight-runner-silent-crash-signal-handling-unregistered-events-and-batch-plan-path-mismatch", "batch": 1, "tasks": [3, 7, 9, 10]}
{"ts": "2026-04-07T11:10:00Z", "event": "task_complete", "feature": "fix-overnight-runner-silent-crash-signal-handling-unregistered-events-and-batch-plan-path-mismatch", "task": 3, "batch": 1, "status": "success"}
{"ts": "2026-04-07T11:10:01Z", "event": "task_complete", "feature": "fix-overnight-runner-silent-crash-signal-handling-unregistered-events-and-batch-plan-path-mismatch", "task": 7, "batch": 1, "status": "success"}
{"ts": "2026-04-07T11:10:02Z", "event": "task_complete", "feature": "fix-overnight-runner-silent-crash-signal-handling-unregistered-events-and-batch-plan-path-mismatch", "task": 9, "batch": 1, "status": "success"}
{"ts": "2026-04-07T11:10:03Z", "event": "task_complete", "feature": "fix-overnight-runner-silent-crash-signal-handling-unregistered-events-and-batch-plan-path-mismatch", "task": 10, "batch": 1, "status": "success"}
{"ts": "2026-04-07T11:15:00Z", "event": "phase_transition", "feature": "fix-overnight-runner-silent-crash-signal-handling-unregistered-events-and-batch-plan-path-mismatch", "tier": "complex", "from": "implement", "to": "review"}
{"ts": "2026-04-07T11:20:00Z", "event": "review_verdict", "feature": "fix-overnight-runner-silent-crash-signal-handling-unregistered-events-and-batch-plan-path-mismatch", "verdict": "APPROVED", "cycle": 1, "requirements_drift": "detected"}
{"ts": "2026-04-07T11:20:01Z", "event": "phase_transition", "feature": "fix-overnight-runner-silent-crash-signal-handling-unregistered-events-and-batch-plan-path-mismatch", "from": "review", "to": "complete"}
{"ts": "2026-04-07T11:25:00Z", "event": "feature_complete", "feature": "fix-overnight-runner-silent-crash-signal-handling-unregistered-events-and-batch-plan-path-mismatch", "tasks_total": 10, "rework_cycles": 1}
