{"ts": "2026-04-14T00:00:00Z", "event": "clarify_critic", "feature": "extract-outcome-router-module-from-batch-runner", "findings": ["The HIGH rating for intent clarity cites specific line ranges (1203-1532, 1676-1984) as evidence of precision, but these ranges are stale from a prior version of batch_runner.py and do not correspond to current function locations.", "Scope boundedness is rated HIGH but interleaved concerns in _accumulate_result (budget exhausted detection, recovery_attempts_map increment, async lock-release pattern) are not assigned to either outcome_router or the orchestrator in the 'What moves'/'What stays' sections.", "requirements/pipeline.md states 'batch_runner owns all events.log writes' — the assessment claims 'no conflicts detected' without examining this line.", "The async lock-release-reacquire pattern in _accumulate_result (need_recovery flag, lock held across merge but released during recovery) is not mentioned in the acceptance criteria; the proposed synchronous apply_feature_result() signature cannot host this pattern without redesign."], "dispositions": {"apply": 0, "dismiss": 4, "ask": 0}, "applied_fixes": [], "status": "ok"}
{"ts": "2026-04-14T00:01:00Z", "event": "lifecycle_start", "feature": "extract-outcome-router-module-from-batch-runner", "tier": "complex", "criticality": "high"}
{"ts": "2026-04-14T00:02:00Z", "event": "discovery_reference", "feature": "extract-outcome-router-module-from-batch-runner", "epic_research": "research/implement-in-autonomous-worktree-overnight-component-reuse/research.md", "epic_spec": null}
{"ts": "2026-04-14T00:03:00Z", "event": "phase_transition", "feature": "extract-outcome-router-module-from-batch-runner", "from": "clarify", "to": "research"}
{"ts": "2026-04-14T00:04:00Z", "event": "phase_transition", "feature": "extract-outcome-router-module-from-batch-runner", "from": "research", "to": "specify"}
{"ts": "2026-04-14T00:05:00Z", "event": "orchestrator_review", "feature": "extract-outcome-router-module-from-batch-runner", "phase": "specify", "verdict": "pass", "cycle": 1, "issues": []}
{"ts": "2026-04-14T08:00:00Z", "event": "orchestrator_review", "feature": "extract-outcome-router-module-from-batch-runner", "phase": "plan", "verdict": "flag", "cycle": 1, "issues": ["P1: Task 3 bundles moving _apply_feature_result (~330 LOC closure-variable adaptation) AND implementing async apply_feature_result (lock ownership, dispatch_review, two-phase recovery) — estimated 25-35 min, exceeds 5-15 min target. Split into separate tasks.", "P1: Task 8 (>=8 async unit tests with OutcomeContext construction and scenario assertions) estimated 30+ min. Split into two tasks.", "P4: Task 6 verification uses `just test` but after TestAccumulateResultViaBatch patches are migrated to outcome_router.* and before the _accumulate_result shim is collapsed (Task 7), run_batch still calls batch_runner.* directly — mocks don't intercept, test suite fails. Replace Task 6 verification with grep-only checks."]}
{"ts": "2026-04-14T08:01:00Z", "event": "orchestrator_dispatch_fix", "feature": "extract-outcome-router-module-from-batch-runner", "phase": "plan", "mode": "same_context", "issue": "P1: Task 3 over-size — split into Task 3 (move _apply_feature_result sync) and Task 4 (implement async apply_feature_result). Renumber subsequent tasks."}
{"ts": "2026-04-14T08:02:00Z", "event": "orchestrator_dispatch_fix", "feature": "extract-outcome-router-module-from-batch-runner", "phase": "plan", "mode": "same_context", "issue": "P4: Task 6 (TestAccumulateResultViaBatch migration) used `just test` verification which fails between migration and shim collapse. Changed to grep-only verification."}
{"ts": "2026-04-14T08:03:00Z", "event": "orchestrator_dispatch_fix", "feature": "extract-outcome-router-module-from-batch-runner", "phase": "plan", "mode": "same_context", "issue": "P1: Task 8 (>=8 unit tests) over-size — split into Task 9 (status transitions + circuit breaker, 6 tests) and Task 10 (review gating + recovery path, 3 tests)."}
{"ts": "2026-04-14T08:04:00Z", "event": "orchestrator_review", "feature": "extract-outcome-router-module-from-batch-runner", "phase": "plan", "verdict": "pass", "cycle": 2, "issues": []}
{"ts": "2026-04-14T08:10:00Z", "event": "critical_review", "feature": "extract-outcome-router-module-from-batch-runner", "phase": "plan", "reviewers": 4, "completed": 4, "applied_fixes": ["shim_template_field_name: removed non-existent batch_result.budget_exhausted field reference; Task 8 now instructs verbatim lift of budget-exhausted block from current code", "legb_patch_ordering: restructured task order so test patches migrate AFTER function removal (Task 9 depends on Task 8); eliminates silent mock no-op window", "test_no_commit_classification: added test_no_commit_classification.py to Task 9 migration scope (_classify_no_commit direct import)", "partial_deletion_detection: added py_compile verification step and whole-function deletion note to Task 8", "task7_broken_window: structural reorder eliminates prose-only do-not-run-just-test advisory; just test gate is now only in Task 9"], "dismissed_fixes": ["dead_import_enumeration: enumerated specific dead imports in Task 8 context (hashlib, conflict imports, backlog imports, set_backlog_dir) without requiring structural change"]}
{"ts": "2026-04-14T13:48:34Z", "event": "batch_dispatch", "feature": "extract-outcome-router-module-from-batch-runner", "batch": 0, "tasks": [1]}
{"ts": "2026-04-14T13:49:50Z", "event": "task_complete", "feature": "extract-outcome-router-module-from-batch-runner", "task": 1, "batch": 0, "status": "success"}
{"ts": "2026-04-14T13:49:54Z", "event": "batch_dispatch", "feature": "extract-outcome-router-module-from-batch-runner", "batch": 1, "tasks": [2, 5]}
{"ts": "2026-04-14T13:52:29Z", "event": "task_complete", "feature": "extract-outcome-router-module-from-batch-runner", "task": 2, "batch": 1, "status": "success"}
{"ts": "2026-04-14T13:53:35Z", "event": "task_complete", "feature": "extract-outcome-router-module-from-batch-runner", "task": 5, "batch": 1, "status": "success"}
{"ts": "2026-04-14T13:53:42Z", "event": "batch_dispatch", "feature": "extract-outcome-router-module-from-batch-runner", "batch": 2, "tasks": [3]}
{"ts": "2026-04-14T13:56:41Z", "event": "task_complete", "feature": "extract-outcome-router-module-from-batch-runner", "task": 3, "batch": 2, "status": "success"}
{"ts": "2026-04-14T13:56:50Z", "event": "batch_dispatch", "feature": "extract-outcome-router-module-from-batch-runner", "batch": 3, "tasks": [4]}
{"ts": "2026-04-14T14:00:00Z", "event": "task_complete", "feature": "extract-outcome-router-module-from-batch-runner", "task": 4, "batch": 3, "status": "success"}
{"ts": "2026-04-14T14:00:06Z", "event": "batch_dispatch", "feature": "extract-outcome-router-module-from-batch-runner", "batch": 4, "tasks": [6, 8]}
{"ts": "2026-04-14T14:03:41Z", "event": "task_complete", "feature": "extract-outcome-router-module-from-batch-runner", "task": 6, "batch": 4, "status": "success"}
{"ts": "2026-04-14T14:10:11Z", "event": "task_complete", "feature": "extract-outcome-router-module-from-batch-runner", "task": 8, "batch": 4, "status": "success"}
{"ts": "2026-04-14T14:10:19Z", "event": "batch_dispatch", "feature": "extract-outcome-router-module-from-batch-runner", "batch": 5, "tasks": [7, 9]}
{"ts": "2026-04-14T14:12:11Z", "event": "task_complete", "feature": "extract-outcome-router-module-from-batch-runner", "task": 7, "batch": 5, "status": "success"}
{"ts": "2026-04-14T14:23:40Z", "event": "task_complete", "feature": "extract-outcome-router-module-from-batch-runner", "task": 9, "batch": 5, "status": "success"}
{"ts": "2026-04-14T14:23:52Z", "event": "phase_transition", "feature": "extract-outcome-router-module-from-batch-runner", "tier": "complex", "from": "implement", "to": "review"}
{"ts": "2026-04-14T14:28:10Z", "event": "review_verdict", "feature": "extract-outcome-router-module-from-batch-runner", "verdict": "CHANGES_REQUESTED", "cycle": 1, "requirements_drift": "none"}
{"ts": "2026-04-14T14:28:23Z", "event": "phase_transition", "feature": "extract-outcome-router-module-from-batch-runner", "from": "review", "to": "implement"}
{"ts": "2026-04-14T14:29:56Z", "event": "phase_transition", "feature": "extract-outcome-router-module-from-batch-runner", "tier": "complex", "from": "implement", "to": "review"}
{"ts": "2026-04-14T14:31:47Z", "event": "review_verdict", "feature": "extract-outcome-router-module-from-batch-runner", "verdict": "APPROVED", "cycle": 2, "requirements_drift": "none"}
{"ts": "2026-04-14T14:31:50Z", "event": "phase_transition", "feature": "extract-outcome-router-module-from-batch-runner", "from": "review", "to": "complete"}
{"ts": "2026-04-14T14:32:14Z", "event": "feature_complete", "feature": "extract-outcome-router-module-from-batch-runner", "tasks_total": 9, "rework_cycles": 1}
