- ts: 2026-04-06T00:00:00Z
  event: lifecycle_start
  feature: investigate-and-fix-swim-lane-inline-styles-and-layout-degradation
  tier: complex
  criticality: medium

- ts: 2026-04-06T00:00:01Z
  event: clarify_critic
  feature: investigate-and-fix-swim-lane-inline-styles-and-layout-degradation
  findings:
    - "Intent clarity rated High but the ticket's investigation outcomes determine implementation scope — four branching questions make the fix unknowable until after investigation."
    - "Scope boundedness rated High but Q4 asks whether a different layout strategy is needed, which could explode the stated scope boundary."
    - "Requirements alignment claimed based on observability.md, but that doc says nothing about CSS compliance or layout quality — motivation is DESIGN.md, not requirements/."
    - "Complexity taxonomy is incomplete — data-driven non-positional values (e.g., colors from template variables) are not accounted for in the ticket's static-vs-positional framing."
  dispositions:
    apply: 1
    dismiss: 3
    ask: 0
  applied_fixes:
    - "Revised requirements alignment from 'Aligned' to 'Partial alignment' — observability.md confirms dashboard is in-scope but doesn't mandate CSS remediation. Motivation is DESIGN.md compliance."
  status: ok

- ts: 2026-04-06T00:00:02Z
  event: orchestrator_review
  feature: investigate-and-fix-swim-lane-inline-styles-and-layout-degradation
  phase: research
  verdict: pass
  cycle: 1
  issues: []

- ts: 2026-04-06T00:00:03Z
  event: phase_transition
  feature: investigate-and-fix-swim-lane-inline-styles-and-layout-degradation
  from: research
  to: specify

- ts: 2026-04-06T00:00:04Z
  event: orchestrator_review
  feature: investigate-and-fix-swim-lane-inline-styles-and-layout-degradation
  phase: specify
  verdict: pass
  cycle: 1
  issues: []
