{"ts": "2026-04-14T00:00:00Z", "event": "discovery_reference", "feature": "build-daytime-pipeline-module-and-cli", "epic_research": "research/implement-in-autonomous-worktree-overnight-component-reuse/research.md", "epic_spec": null}
{"ts": "2026-04-14T00:01:00Z", "event": "clarify_critic", "feature": "build-daytime-pipeline-module-and-cli", "findings": ["The assessment rates intent clarity HIGH, claiming the goal is unambiguous, but the epic research frames daytime as Phase 5 (optional) with a thin value case — the unambiguous read relies on the product decision to proceed being resolved, which the research itself lists as an open question.", "The assessment rates scope boundedness HIGH, but the research's Open Questions section lists 7 distinct unresolved subprocess lifecycle sub-questions (PID strategy, worktree prefix, concurrent locking, SIGKILL recovery, etc.) all explicitly deferred to spec without any constraints.", "The assessment claims requirements alignment HIGH saying the tension with 'daytime = close iterative collaboration' was accepted when the epic was approved, but #074's status has not been verified and the research itself frames this as an open direction call.", "The assessment asserts clean reuse of apply_feature_result, but the actual OutcomeContext type carries overnight's full batch session model (BatchResult, asyncio.Lock, consecutive_pauses_ref, etc.) making thin single-feature construction non-trivial."], "dispositions": {"apply": 2, "dismiss": 2, "ask": 0}, "applied_fixes": ["Revised scope boundedness from HIGH to MEDIUM — research lists 7+ unresolved subprocess lifecycle open questions all deferred to spec without constraints.", "OutcomeContext interface complexity adds to scope uncertainty, supporting MEDIUM scope boundedness."], "status": "ok"}
{"ts": "2026-04-14T00:02:00Z", "event": "lifecycle_start", "feature": "build-daytime-pipeline-module-and-cli", "tier": "complex", "criticality": "high"}
{"ts": "2026-04-14T00:03:00Z", "event": "phase_transition", "feature": "build-daytime-pipeline-module-and-cli", "from": "clarify", "to": "research"}
{"ts": "2026-04-14T00:04:00Z", "event": "phase_transition", "feature": "build-daytime-pipeline-module-and-cli", "from": "research", "to": "specify"}
{"ts": "2026-04-14T00:05:00Z", "event": "orchestrator_review", "feature": "build-daytime-pipeline-module-and-cli", "phase": "specify", "verdict": "flag", "cycle": 1, "issues": ["S3: Requirements lack MoSCoW labels — must-have vs should-have distinction not explicit; subprocess safety features (PID lifecycle, stale recovery, orphan prevention, concurrent guard) should be distinguished from core pipeline execution requirements"]}
{"ts": "2026-04-14T00:05:01Z", "event": "orchestrator_dispatch_fix", "feature": "build-daytime-pipeline-module-and-cli", "phase": "specify", "mode": "fresh_subagent", "issue": "S3: Add explicit MoSCoW (M/S) labels to all requirements; classify core pipeline requirements (CLI, execution, events, deferral, merge, cleanup, unit tests, plan check) as must-have and subprocess lifecycle safety features (PID file, stale recovery, orphan prevention, concurrent guard, SIGKILL recovery) as should-have. Rewrite the full spec.md maintaining all existing content."}
{"ts": "2026-04-14T00:06:00Z", "event": "orchestrator_review", "feature": "build-daytime-pipeline-module-and-cli", "phase": "specify", "verdict": "pass", "cycle": 2, "issues": []}
{"ts": "2026-04-14T08:00:00Z", "event": "phase_transition", "feature": "build-daytime-pipeline-module-and-cli", "from": "specify", "to": "plan"}
{"ts": "2026-04-14T08:02:00Z", "event": "orchestrator_review", "feature": "build-daytime-pipeline-module-and-cli", "phase": "plan", "verdict": "pass", "cycle": 2, "issues": []}
{"ts": "2026-04-14T08:01:30Z", "event": "orchestrator_dispatch_fix", "feature": "build-daytime-pipeline-module-and-cli", "phase": "plan", "mode": "fresh_subagent", "issue": "P5: Remove function bodies from Task 3 (_write_pid, _recover_stale) and Task 4 (_orphan_guard) Context fields. Replace with prose descriptions + references to research.md. Rewrite full plan.md maintaining all other content."}
{"ts": "2026-04-14T08:01:00Z", "event": "orchestrator_review", "feature": "build-daytime-pipeline-module-and-cli", "phase": "plan", "verdict": "flag", "cycle": 1, "issues": ["P5: Code budget violated — Task 3 Context contains a literal implementation body for _recover_stale (sequential git command code) and a code snippet for _write_pid; Task 4 Context contains a complete async function body for _orphan_guard (while loop + os.getppid check + sys.exit). Replace all three with prose descriptions that reference the research.md SIGKILL recovery and orphan prevention sections."]}
{"ts": "2026-04-14T12:00:00Z", "event": "phase_transition", "feature": "build-daytime-pipeline-module-and-cli", "from": "plan", "to": "implement"}
{"ts": "2026-04-14T12:01:00Z", "event": "batch_dispatch", "feature": "build-daytime-pipeline-module-and-cli", "batch": 0, "tasks": [1, 2, 3]}
{"ts": "2026-04-14T12:02:00Z", "event": "task_complete", "feature": "build-daytime-pipeline-module-and-cli", "task": 1, "batch": 0, "status": "success"}
{"ts": "2026-04-14T12:02:01Z", "event": "task_complete", "feature": "build-daytime-pipeline-module-and-cli", "task": 2, "batch": 0, "status": "success"}
{"ts": "2026-04-14T12:02:02Z", "event": "task_complete", "feature": "build-daytime-pipeline-module-and-cli", "task": 3, "batch": 0, "status": "success"}
{"ts": "2026-04-14T12:03:00Z", "event": "batch_dispatch", "feature": "build-daytime-pipeline-module-and-cli", "batch": 1, "tasks": [4]}
{"ts": "2026-04-14T12:05:00Z", "event": "task_complete", "feature": "build-daytime-pipeline-module-and-cli", "task": 4, "batch": 1, "status": "success"}
{"ts": "2026-04-14T12:05:01Z", "event": "batch_dispatch", "feature": "build-daytime-pipeline-module-and-cli", "batch": 2, "tasks": [5]}
{"ts": "2026-04-14T12:10:00Z", "event": "task_complete", "feature": "build-daytime-pipeline-module-and-cli", "task": 5, "batch": 2, "status": "success"}
