{"ts": "2026-04-03T00:00:00Z", "event": "discovery_reference", "feature": "replace-spec-dump-with-jit-loading-in-implement-prompt", "epic_research": "research/harness-design-long-running-apps/research.md", "epic_spec": null}
{"ts": "2026-04-03T00:01:00Z", "event": "clarify_critic", "feature": "replace-spec-dump-with-jit-loading-in-implement-prompt", "findings": ["Three techniques conflated under JIT loading title — implement.md uses deferred retrieval, brain uses truncation, learnings uses conditional injection", "Change 1 introduces nondeterministic behavioral contract — agent must decide whether to read spec", "Token savings estimates are ungrounded — no measurement of actual spec sizes", "Requirements alignment cites pipeline requirements but pipeline docs don't mention token efficiency", "Brain truncation contradicts deliberate complete-untruncated design contract in batch-brain.md"], "dispositions": {"apply": 1, "dismiss": 4, "ask": 0}, "applied_fixes": ["Revised requirements alignment from pipeline-specific to project-level philosophy alignment"], "status": "ok"}
{"ts": "2026-04-03T00:02:00Z", "event": "lifecycle_start", "feature": "replace-spec-dump-with-jit-loading-in-implement-prompt", "tier": "complex", "criticality": "high"}
{"ts": "2026-04-03T00:02:01Z", "event": "phase_transition", "feature": "replace-spec-dump-with-jit-loading-in-implement-prompt", "from": "clarify", "to": "research"}
{"ts": "2026-04-03T00:03:00Z", "event": "phase_transition", "feature": "replace-spec-dump-with-jit-loading-in-implement-prompt", "from": "research", "to": "specify"}
{"ts": "2026-04-03T00:04:00Z", "event": "orchestrator_review", "feature": "replace-spec-dump-with-jit-loading-in-implement-prompt", "phase": "specify", "verdict": "pass", "cycle": 1, "issues": []}
{"ts": "2026-04-03T00:05:00Z", "event": "phase_transition", "feature": "replace-spec-dump-with-jit-loading-in-implement-prompt", "from": "specify", "to": "plan"}
{"ts": "2026-04-04T00:00:00Z", "event": "orchestrator_review", "feature": "replace-spec-dump-with-jit-loading-in-implement-prompt", "phase": "plan", "verdict": "pass", "cycle": 1, "issues": []}
{"ts": "2026-04-04T00:01:00Z", "event": "phase_transition", "feature": "replace-spec-dump-with-jit-loading-in-implement-prompt", "from": "plan", "to": "implement"}
{"ts": "2026-04-04T00:02:00Z", "event": "batch_dispatch", "feature": "replace-spec-dump-with-jit-loading-in-implement-prompt", "batch": 0, "tasks": [1, 2]}
{"ts": "2026-04-04T00:03:00Z", "event": "task_complete", "feature": "replace-spec-dump-with-jit-loading-in-implement-prompt", "task": 1, "batch": 0, "status": "success"}
{"ts": "2026-04-04T00:03:01Z", "event": "task_complete", "feature": "replace-spec-dump-with-jit-loading-in-implement-prompt", "task": 2, "batch": 0, "status": "success"}
{"ts": "2026-04-04T00:04:00Z", "event": "batch_dispatch", "feature": "replace-spec-dump-with-jit-loading-in-implement-prompt", "batch": 1, "tasks": [3]}
{"ts": "2026-04-04T00:05:00Z", "event": "task_complete", "feature": "replace-spec-dump-with-jit-loading-in-implement-prompt", "task": 3, "batch": 1, "status": "success"}
{"ts": "2026-04-04T00:06:00Z", "event": "batch_dispatch", "feature": "replace-spec-dump-with-jit-loading-in-implement-prompt", "batch": 2, "tasks": [4]}
{"ts": "2026-04-04T00:07:00Z", "event": "task_complete", "feature": "replace-spec-dump-with-jit-loading-in-implement-prompt", "task": 4, "batch": 2, "status": "success"}
{"ts": "2026-04-04T00:08:00Z", "event": "phase_transition", "feature": "replace-spec-dump-with-jit-loading-in-implement-prompt", "tier": "complex", "from": "implement", "to": "review"}
{"ts": "2026-04-04T00:09:00Z", "event": "review_verdict", "feature": "replace-spec-dump-with-jit-loading-in-implement-prompt", "verdict": "APPROVED", "cycle": 1, "requirements_drift": "none"}
{"ts": "2026-04-04T00:09:01Z", "event": "phase_transition", "feature": "replace-spec-dump-with-jit-loading-in-implement-prompt", "from": "review", "to": "complete"}
{"ts": "2026-04-04T00:10:00Z", "event": "feature_complete", "feature": "replace-spec-dump-with-jit-loading-in-implement-prompt", "tasks_total": 4, "rework_cycles": 1}
