{"ts": "2026-04-09T10:53:47-0400", "event": "discovery_reference", "feature": "define-output-floors-for-interactive-approval-and-overnight-compaction", "epic_research": "research/agent-output-efficiency/research.md", "epic_spec": null}
{"ts": "2026-04-09T10:57:42-0400", "event": "clarify_critic", "feature": "define-output-floors-for-interactive-approval-and-overnight-compaction", "findings": ["Deliverable form is ambiguous — ticket describes what floors accomplish but not what they are as artifacts", "Scope absorbed from originally separate deliverable; three consumers collapsed to two floors without addressing whether overnight agents and morning review need different things", "Requirements alignment cites handoff readiness (input completeness) but floors are about output survivability — orthogonal concerns", "Dependency radius overstated — 4-6 skills affected, not all skills"], "dispositions": {"apply": 3, "dismiss": 1, "ask": 0}, "applied_fixes": ["Revised intent clarity from High to Low — deliverable form is genuinely ambiguous", "Revised requirements alignment reasoning to cite morning-is-strategic-review and surface-all-failures instead of handoff readiness", "Narrowed complexity/criticality reasoning to 4-6 affected skills; maintained complex/high ratings"], "status": "ok"}
{"ts": "2026-04-09T12:00:33-0400", "event": "lifecycle_start", "feature": "define-output-floors-for-interactive-approval-and-overnight-compaction", "tier": "complex", "criticality": "high"}
{"ts": "2026-04-09T12:00:34-0400", "event": "phase_transition", "feature": "define-output-floors-for-interactive-approval-and-overnight-compaction", "from": "clarify", "to": "research"}
{"ts": "2026-04-09T12:09:57-0400", "event": "phase_transition", "feature": "define-output-floors-for-interactive-approval-and-overnight-compaction", "from": "research", "to": "specify"}
{"ts": "2026-04-09T17:22:28-0400", "event": "orchestrator_review", "feature": "define-output-floors-for-interactive-approval-and-overnight-compaction", "phase": "specify", "verdict": "pass", "cycle": 1, "issues": []}
{"ts": "2026-04-09T17:41:39-0400", "event": "phase_transition", "feature": "define-output-floors-for-interactive-approval-and-overnight-compaction", "from": "specify", "to": "plan"}
{"ts": "2026-04-09T17:43:58-0400", "event": "orchestrator_review", "feature": "define-output-floors-for-interactive-approval-and-overnight-compaction", "phase": "plan", "verdict": "pass", "cycle": 1, "issues": []}
{"ts": "2026-04-09T22:00:28-0400", "event": "phase_transition", "feature": "define-output-floors-for-interactive-approval-and-overnight-compaction", "from": "plan", "to": "implement"}
{"ts": "2026-04-09T22:01:31-0400", "event": "batch_dispatch", "feature": "define-output-floors-for-interactive-approval-and-overnight-compaction", "batch": 0, "tasks": [1, 2, 3, 4, 5, 6]}
{"ts": "2026-04-09T22:04:20-0400", "event": "task_complete", "feature": "define-output-floors-for-interactive-approval-and-overnight-compaction", "task": 1, "batch": 0, "status": "success"}
{"ts": "2026-04-09T22:04:20-0400", "event": "task_complete", "feature": "define-output-floors-for-interactive-approval-and-overnight-compaction", "task": 2, "batch": 0, "status": "success"}
{"ts": "2026-04-09T22:04:20-0400", "event": "task_complete", "feature": "define-output-floors-for-interactive-approval-and-overnight-compaction", "task": 3, "batch": 0, "status": "success"}
{"ts": "2026-04-09T22:04:20-0400", "event": "task_complete", "feature": "define-output-floors-for-interactive-approval-and-overnight-compaction", "task": 4, "batch": 0, "status": "success"}
{"ts": "2026-04-09T22:04:20-0400", "event": "task_complete", "feature": "define-output-floors-for-interactive-approval-and-overnight-compaction", "task": 5, "batch": 0, "status": "success"}
{"ts": "2026-04-09T22:04:20-0400", "event": "task_complete", "feature": "define-output-floors-for-interactive-approval-and-overnight-compaction", "task": 6, "batch": 0, "status": "success"}
{"ts": "2026-04-09T22:04:20-0400", "event": "task_complete", "feature": "define-output-floors-for-interactive-approval-and-overnight-compaction", "task": 7, "batch": 0, "status": "success"}
{"ts": "2026-04-09T22:04:50-0400", "event": "phase_transition", "feature": "define-output-floors-for-interactive-approval-and-overnight-compaction", "tier": "complex", "from": "implement", "to": "review"}
{"ts": "2026-04-09T22:08:24-0400", "event": "review_verdict", "feature": "define-output-floors-for-interactive-approval-and-overnight-compaction", "verdict": "APPROVED", "cycle": 1, "requirements_drift": "detected"}
{"ts": "2026-04-09T22:08:40-0400", "event": "requirements_updated", "feature": "define-output-floors-for-interactive-approval-and-overnight-compaction", "file": "requirements/pipeline.md", "section": "## Non-Functional Requirements", "content": "Added orchestrator rationale convention"}
{"ts": "2026-04-09T22:08:45-0400", "event": "phase_transition", "feature": "define-output-floors-for-interactive-approval-and-overnight-compaction", "from": "review", "to": "complete"}
{"ts": "2026-04-09T22:08:57-0400", "event": "feature_complete", "feature": "define-output-floors-for-interactive-approval-and-overnight-compaction", "tasks_total": 7, "rework_cycles": 1}
