{"ts": "2026-04-02T00:00:00Z", "event": "lifecycle_start", "feature": "consolidate-devils-advocate-critical-review", "tier": "complex", "criticality": "high"}
{"ts": "2026-04-02T00:01:00Z", "event": "clarify_critic", "feature": "consolidate-devils-advocate-critical-review", "findings": ["The assessment imported 'bloat' as the review lens but this word does not appear in the source — 'review it critically' is ambiguous.", "The 'maybe' framing around CR using DA is speculative; the mechanical coherence of a skill invoking another skill is an open question not addressed.", "Scope included 'potentially lifecycle interaction' which is not grounded in the source material.", "The near-complete overlap between DA's 4 critique elements and CR's dispatch prompt is a significant finding not surfaced by the assessment — this changes the shape of the question."], "dispositions": {"apply": 4, "dismiss": 0, "ask": 0}, "applied_fixes": ["Removed 'bloat' framing — revised to neutral 'review critically'", "Acknowledged 'maybe' as speculative; mechanical feasibility is an open research question", "Removed lifecycle interaction from scope", "Surfaced framework overlap as a key research area"], "status": "ok"}
{"ts": "2026-04-02T00:02:00Z", "event": "phase_transition", "feature": "consolidate-devils-advocate-critical-review", "from": "clarify", "to": "research"}
{"ts": "2026-04-02T00:03:00Z", "event": "phase_transition", "feature": "consolidate-devils-advocate-critical-review", "from": "research", "to": "specify"}
{"ts": "2026-04-02T00:04:00Z", "event": "orchestrator_review", "feature": "consolidate-devils-advocate-critical-review", "phase": "specify", "verdict": "flag", "cycle": 1, "issues": ["S3: No explicit MoSCoW classification; Req 4 (line count) was a derived metric, not an independent requirement"]}
{"ts": "2026-04-02T00:05:00Z", "event": "orchestrator_dispatch_fix", "feature": "consolidate-devils-advocate-critical-review", "phase": "specify", "mode": "same_context", "issue": "S3: Added explicit [M] MoSCoW labels to all requirements; folded Req 4 line-count AC into Req 1's ACs as a combined target"}
{"ts": "2026-04-02T00:06:00Z", "event": "orchestrator_review", "feature": "consolidate-devils-advocate-critical-review", "phase": "specify", "verdict": "pass", "cycle": 2, "issues": []}
{"ts": "2026-04-02T00:07:00Z", "event": "phase_transition", "feature": "consolidate-devils-advocate-critical-review", "from": "specify", "to": "plan"}
{"ts": "2026-04-02T00:08:00Z", "event": "orchestrator_review", "feature": "consolidate-devils-advocate-critical-review", "phase": "plan", "verdict": "flag", "cycle": 1, "issues": ["P1: Tasks 2, 3, 4 classified as trivial but involve committed edits — trivial tier has lower turn budget and must not be used for tasks that require a commit"]}
{"ts": "2026-04-02T00:09:00Z", "event": "orchestrator_dispatch_fix", "feature": "consolidate-devils-advocate-critical-review", "phase": "plan", "mode": "same_context", "issue": "P1: Changed Tasks 2, 3, 4 complexity from trivial to simple"}
{"ts": "2026-04-02T00:10:00Z", "event": "orchestrator_review", "feature": "consolidate-devils-advocate-critical-review", "phase": "plan", "verdict": "pass", "cycle": 2, "issues": []}
{"ts": "2026-04-02T00:11:00Z", "event": "phase_transition", "feature": "consolidate-devils-advocate-critical-review", "from": "plan", "to": "implement"}
{"ts": "2026-04-02T00:12:00Z", "event": "batch_dispatch", "feature": "consolidate-devils-advocate-critical-review", "batch": 0, "tasks": [1, 3, 4]}
{"ts": "2026-04-02T00:13:00Z", "event": "task_complete", "feature": "consolidate-devils-advocate-critical-review", "task": 1, "batch": 0, "status": "success"}
{"ts": "2026-04-02T00:13:00Z", "event": "task_complete", "feature": "consolidate-devils-advocate-critical-review", "task": 3, "batch": 0, "status": "success"}
{"ts": "2026-04-02T00:13:00Z", "event": "task_complete", "feature": "consolidate-devils-advocate-critical-review", "task": 4, "batch": 0, "status": "success"}
{"ts": "2026-04-02T00:14:00Z", "event": "batch_dispatch", "feature": "consolidate-devils-advocate-critical-review", "batch": 1, "tasks": [2]}
{"ts": "2026-04-02T00:15:00Z", "event": "task_complete", "feature": "consolidate-devils-advocate-critical-review", "task": 2, "batch": 1, "status": "success"}
{"ts": "2026-04-02T00:16:00Z", "event": "phase_transition", "feature": "consolidate-devils-advocate-critical-review", "tier": "complex", "from": "implement", "to": "review"}
{"ts": "2026-04-02T00:17:00Z", "event": "review_verdict", "feature": "consolidate-devils-advocate-critical-review", "verdict": "APPROVED", "cycle": 1}
{"ts": "2026-04-02T00:18:00Z", "event": "phase_transition", "feature": "consolidate-devils-advocate-critical-review", "from": "review", "to": "complete"}
{"ts": "2026-04-02T00:19:00Z", "event": "feature_complete", "feature": "consolidate-devils-advocate-critical-review", "tasks_total": 4, "rework_cycles": 0}
