{"schema_version": 1, "ts": "2026-07-11T01:33:27Z", "event": "lifecycle_start", "feature": "374", "tier": "simple", "criticality": "medium", "entry_point": "refine"}
{"ts": "2026-07-11T01:38:47Z", "event": "clarify_critic", "feature": "374", "schema_version": 3, "parent_epic_loaded": true, "findings_count": 6, "dispositions": {"apply": 4, "dismiss": 0, "ask": 2}, "applied_fixes_count": 4, "dismissals_count": 0, "status": "ok"}
{"ts": "2026-07-11T01:44:26Z", "event": "phase_transition", "feature": "374", "from": "clarify", "to": "research"}
{"ts": "2026-07-11T02:08:57Z", "event": "complexity_override", "feature": "374", "from": "simple", "to": "complex", "gate": "research_open_questions"}
{"ts": "2026-07-11T02:09:01Z", "event": "phase_transition", "feature": "374", "from": "research", "to": "specify"}
{"ts": "2026-07-11T02:09:10Z", "event": "criticality_override", "feature": "374", "from": "medium", "to": "high", "gate": "clarify_reconcile"}
{"ts": "2026-07-11T02:33:14Z", "event": "spec_approved", "feature": "374"}
{"ts": "2026-07-11T02:33:32Z", "event": "phase_transition", "feature": "374", "from": "specify", "to": "plan"}
{"ts": "2026-07-11T15:33:44Z", "event": "plan_approved", "feature": "374", "dispatch_choice": "wait"}
{"ts": "2026-07-11T15:33:44Z", "event": "feature_paused", "feature": "374"}
{"ts": "2026-07-11T15:38:28Z", "event": "batch_dispatch", "feature": "374", "batch": 0, "tasks": [1, 2, 3, 5, 7, 8, 12, 16]}
{"ts": "2026-07-11T16:23:01Z", "event": "batch_dispatch", "feature": "374", "batch": 1, "tasks": [4, 6, 9, 11, 15]}
{"ts": "2026-07-11T17:11:46Z", "event": "batch_dispatch", "feature": "374", "batch": 2, "tasks": [10, 13]}
{"ts": "2026-07-11T17:26:07Z", "event": "batch_dispatch", "feature": "374", "batch": 3, "tasks": [14, 17]}
{"ts": "2026-07-11T18:04:53Z", "event": "batch_dispatch", "feature": "374", "batch": 4, "tasks": ["14a"]}
{"ts": "2026-07-11T18:15:02Z", "event": "batch_dispatch", "feature": "374", "batch": 5, "tasks": ["14b"]}
{"ts": "2026-07-11T18:23:29Z", "event": "batch_dispatch", "feature": "374", "batch": 6, "tasks": ["17a", 18, 19]}
{"ts": "2026-07-11T19:36:38Z", "event": "batch_dispatch", "feature": "374", "batch": 7, "tasks": ["19a", 20]}
{"ts": "2026-07-11T19:52:12Z", "event": "phase_transition", "feature": "374", "from": "implement", "to": "review", "tier": "complex"}
{"ts": "2026-07-11T20:00:40Z", "event": "review_verdict", "feature": "374", "verdict": "CHANGES_REQUESTED", "cycle": 1, "requirements_drift": "none"}
{"ts": "2026-07-11T20:00:40Z", "event": "phase_transition", "feature": "374", "from": "review", "to": "implement-rework"}
{"ts": "2026-07-12T01:28:16Z", "event": "phase_transition", "feature": "374", "from": "implement-rework", "to": "review"}
{"ts": "2026-07-12T01:30:41Z", "event": "review_verdict", "feature": "374", "verdict": "APPROVED", "cycle": 2, "requirements_drift": "none"}
{"ts": "2026-07-12T01:30:41Z", "event": "phase_transition", "feature": "374", "from": "review", "to": "complete"}
{"ts": "2026-07-12T01:30:55Z", "event": "feature_complete", "feature": "374", "tasks_total": 24, "rework_cycles": 1, "merge_anchor": "merge"}
