{"ts": "2026-04-09T00:00:00Z", "event": "discovery_reference", "feature": "apply-confirmed-safe-permission-tightening", "epic_research": "research/permissions-audit/research.md", "epic_spec": null}
{"ts": "2026-04-09T00:01:00Z", "event": "clarify_critic", "feature": "apply-confirmed-safe-permission-tightening", "findings": ["The no dependencies on the escape hatch spike claim is stated without justification and is contradicted by the research - DR-1 removal of Read(~/**) may depend on spike results because Bash(cat *) can bypass Read deny rules", "The scope assessment calls this mechanical edits to a single JSON file but the source material describes cross-file coordination, hook interactions, and a subsumption action", "The requirements alignment claim does not address tension with settings.local.json not being version-controlled, which conflicts with the symlink-everything philosophy", "The criticality rating of high is asserted but the source material states these changes only affect interactive sessions where a human can approve prompts"], "dispositions": {"apply": 1, "dismiss": 3, "ask": 0}, "applied_fixes": ["Revised complexity from simple to complex - changes touch multiple files and interact with shared infrastructure (settings.json, settings.local.json, backlog 047, sync hook)"], "status": "ok"}
{"ts": "2026-04-09T00:02:00Z", "event": "lifecycle_start", "feature": "apply-confirmed-safe-permission-tightening", "tier": "complex", "criticality": "high"}
{"ts": "2026-04-09T00:02:01Z", "event": "phase_transition", "feature": "apply-confirmed-safe-permission-tightening", "from": "clarify", "to": "research"}
{"ts": "2026-04-09T00:03:00Z", "event": "orchestrator_review", "feature": "apply-confirmed-safe-permission-tightening", "phase": "research", "verdict": "pass", "cycle": 1, "issues": []}
{"ts": "2026-04-09T00:03:01Z", "event": "phase_transition", "feature": "apply-confirmed-safe-permission-tightening", "from": "research", "to": "specify"}
{"ts": "2026-04-09T00:04:00Z", "event": "orchestrator_review", "feature": "apply-confirmed-safe-permission-tightening", "phase": "specify", "verdict": "pass", "cycle": 1, "issues": []}
{"ts": "2026-04-09T00:05:00Z", "event": "phase_transition", "feature": "apply-confirmed-safe-permission-tightening", "from": "specify", "to": "plan"}
{"ts": "2026-04-09T00:06:00Z", "event": "orchestrator_review", "feature": "apply-confirmed-safe-permission-tightening", "phase": "plan", "verdict": "pass", "cycle": 1, "issues": []}
{"ts": "2026-04-09T00:07:00Z", "event": "phase_transition", "feature": "apply-confirmed-safe-permission-tightening", "from": "plan", "to": "implement"}
{"ts": "2026-04-09T00:08:00Z", "event": "batch_dispatch", "feature": "apply-confirmed-safe-permission-tightening", "batch": 0, "tasks": [1, 4]}
{"ts": "2026-04-09T00:09:00Z", "event": "task_complete", "feature": "apply-confirmed-safe-permission-tightening", "task": 1, "batch": 0, "status": "success"}
{"ts": "2026-04-09T00:09:01Z", "event": "task_complete", "feature": "apply-confirmed-safe-permission-tightening", "task": 4, "batch": 0, "status": "success"}
{"ts": "2026-04-09T00:10:00Z", "event": "batch_dispatch", "feature": "apply-confirmed-safe-permission-tightening", "batch": 1, "tasks": [2]}
{"ts": "2026-04-09T00:11:00Z", "event": "task_complete", "feature": "apply-confirmed-safe-permission-tightening", "task": 2, "batch": 1, "status": "success"}
{"ts": "2026-04-09T00:12:00Z", "event": "batch_dispatch", "feature": "apply-confirmed-safe-permission-tightening", "batch": 2, "tasks": [3]}
{"ts": "2026-04-09T00:12:01Z", "event": "task_complete", "feature": "apply-confirmed-safe-permission-tightening", "task": 3, "batch": 2, "status": "success"}
{"ts": "2026-04-09T00:13:00Z", "event": "phase_transition", "feature": "apply-confirmed-safe-permission-tightening", "tier": "complex", "from": "implement", "to": "review"}
{"ts": "2026-04-09T00:14:00Z", "event": "review_verdict", "feature": "apply-confirmed-safe-permission-tightening", "verdict": "APPROVED", "cycle": 1, "requirements_drift": "none"}
{"ts": "2026-04-09T00:14:01Z", "event": "phase_transition", "feature": "apply-confirmed-safe-permission-tightening", "from": "review", "to": "complete"}
{"ts": "2026-04-09T00:15:00Z", "event": "feature_complete", "feature": "apply-confirmed-safe-permission-tightening", "tasks_total": 4, "rework_cycles": 0}
